2025-11-26 12:12:37,190 [INFO] app.report_processor: Processing monthly report: 1.TE-07 ME Performance Sheet JUNE 2025.pdf
2025-11-26 12:22:58,890 [INFO] app.report_processor: Processing monthly report: 1.TE-07 ME Performance Sheet JUNE 2025.pdf
2025-11-27 17:16:49,080 [INFO] app.report_processor: Processing monthly report: 1. TE-07 ME Performance Sheet.pdf
2025-11-27 17:16:49,414 [ERROR] app.report_processor: Pipeline Failed: (psycopg2.errors.NumericValueOutOfRange) numeric field overflow
DETAIL:  A field with precision 5, scale 2 must round to an absolute value less than 10^3.

[SQL: INSERT INTO monthly_report_header (imo_number, engine_identifier, report_month, report_date, engine_run_hrs, epl_implemented, max_power_limit_kw, max_load_limit_percent_after_epl, load_percent, rpm_percent, rpm, engine_indicated_power_kw, effective_power_kw, shaft_power_kw, load_indicator, max_comb_pr_avg_bar, comp_pr_avg_bar, scavenge_temp_c, scavenge_pr_bar, tc_exhaust_gas_temp_in_c, tc_exhaust_gas_temp_out_c, turbocharger_rpm_avg, tc_air_inlet_temp_c, tc_filter_dp_mmh2o, sfoc_measured_g_kwh, sfoc_calculated_g_kwh, fo_consumption_mt_hr, fuel_injection_pump_index_mm, exh_temp_cylinder_outlet_ave_c, egb_pressure_drop_mmh2o, ship_condition, displacement_mt, draft_f, draft_a, trim_mtr, wind_force, sea_state, weather, location, barometric_pressure_mmh2o, sea_water_temp_c, engine_room_temp_c, speed_gps_kn, speed_log_kn, speed_by_pitch_kn, slip_percent, time_start, time_finish, revolution_counter_start, revolution_counter_finish, measured_by, chief_engineer_name, tech_form_no, edition_no, revision_no, revision_date, created_at, updated_at) VALUES (%(imo_number)s, %(engine_identifier)s, %(report_month)s, %(report_date)s, %(engine_run_hrs)s, %(epl_implemented)s, %(max_power_limit_kw)s, %(max_load_limit_percent_after_epl)s, %(load_percent)s, %(rpm_percent)s, %(rpm)s, %(engine_indicated_power_kw)s, %(effective_power_kw)s, %(shaft_power_kw)s, %(load_indicator)s, %(max_comb_pr_avg_bar)s, %(comp_pr_avg_bar)s, %(scavenge_temp_c)s, %(scavenge_pr_bar)s, %(tc_exhaust_gas_temp_in_c)s, %(tc_exhaust_gas_temp_out_c)s, %(turbocharger_rpm_avg)s, %(tc_air_inlet_temp_c)s, %(tc_filter_dp_mmh2o)s, %(sfoc_measured_g_kwh)s, %(sfoc_calculated_g_kwh)s, %(fo_consumption_mt_hr)s, %(fuel_injection_pump_index_mm)s, %(exh_temp_cylinder_outlet_ave_c)s, %(egb_pressure_drop_mmh2o)s, %(ship_condition)s, %(displacement_mt)s, %(draft_f)s, %(draft_a)s, %(trim_mtr)s, %(wind_force)s, %(sea_state)s, %(weather)s, %(location)s, %(barometric_pressure_mmh2o)s, %(sea_water_temp_c)s, %(engine_room_temp_c)s, %(speed_gps_kn)s, %(speed_log_kn)s, %(speed_by_pitch_kn)s, %(slip_percent)s, %(time_start)s, %(time_finish)s, %(revolution_counter_start)s, %(revolution_counter_finish)s, %(measured_by)s, %(chief_engineer_name)s, %(tech_form_no)s, %(edition_no)s, %(revision_no)s, %(revision_date)s, CURRENT_TIMESTAMP, CURRENT_TIMESTAMP) RETURNING monthly_report_header.report_id, monthly_report_header.created_at, monthly_report_header.updated_at]
[parameters: {'imo_number': 9481661, 'engine_identifier': 'SE6S60-0086-SABARMATI', 'report_month': '2025-03', 'report_date': datetime.date(2025, 3, 18), 'engine_run_hrs': Decimal('63437.2'), 'epl_implemented': True, 'max_power_limit_kw': Decimal('13650'), 'max_load_limit_percent_after_epl': Decimal('8861.5'), 'load_percent': Decimal('50.435103244837755'), 'rpm_percent': Decimal('84.76'), 'rpm': Decimal('89'), 'engine_indicated_power_kw': Decimal('7442'), 'effective_power_kw': Decimal('6839'), 'shaft_power_kw': Decimal('6792'), 'load_indicator': Decimal('74'), 'max_comb_pr_avg_bar': Decimal('113.71666666666668'), 'comp_pr_avg_bar': Decimal('90.96666666666668'), 'scavenge_temp_c': Decimal('47'), 'scavenge_pr_bar': Decimal('2.1'), 'tc_exhaust_gas_temp_in_c': Decimal('380'), 'tc_exhaust_gas_temp_out_c': Decimal('245'), 'turbocharger_rpm_avg': Decimal('10492'), 'tc_air_inlet_temp_c': Decimal('46'), 'tc_filter_dp_mmh2o': Decimal('40'), 'sfoc_measured_g_kwh': Decimal('199.56'), 'sfoc_calculated_g_kwh': Decimal('225.17911975435004'), 'fo_consumption_mt_hr': Decimal('1.54'), 'fuel_injection_pump_index_mm': Decimal('69'), 'exh_temp_cylinder_outlet_ave_c': Decimal('319.6666666666667'), 'egb_pressure_drop_mmh2o': Decimal('90'), 'ship_condition': 'Loaded', 'displacement_mt': Decimal('124772'), 'draft_f': Decimal('13.76'), 'draft_a': Decimal('14.04'), 'trim_mtr': Decimal('0.27999999999999936'), 'wind_force': '3 - Moderate Breeze', 'sea_state': '3 - Slight', 'weather': 'Fine But Cloudy', 'location': 'SEA', 'barometric_pressure_mmh2o': Decimal('1010'), 'sea_water_temp_c': Decimal('32'), 'engine_room_temp_c': Decimal('42'), 'speed_gps_kn': Decimal('11.9'), 'speed_log_kn': Decimal('12.2'), 'speed_by_pitch_kn': Decimal('13.926673866090713'), 'slip_percent': Decimal('12.40'), 'time_start': datetime.time(14, 10), 'time_finish': datetime.time(15, 10), 'revolution_counter_start': Decimal('2935635'), 'revolution_counter_finish': Decimal('2940975'), 'measured_by': 'MURLI MANOHAR', 'chief_engineer_name': 'MR. SENTHIL GANESH S.', 'tech_form_no': '-7', 'edition_no': 1, 'revision_no': 1, 'revision_date': datetime.date(2024, 11, 1)}]
(Background on this error at: https://sqlalche.me/e/20/9h9h)
Traceback (most recent call last):
  File "C:\Ozellar_project\Aepms-backend\venv\lib\site-packages\sqlalchemy\engine\base.py", line 1967, in _exec_single_context
    self.dialect.do_execute(
  File "C:\Ozellar_project\Aepms-backend\venv\lib\site-packages\sqlalchemy\engine\default.py", line 951, in do_execute
    cursor.execute(statement, parameters)
psycopg2.errors.NumericValueOutOfRange: numeric field overflow
DETAIL:  A field with precision 5, scale 2 must round to an absolute value less than 10^3.


The above exception was the direct cause of the following exception:

Traceback (most recent call last):
  File "C:\Ozellar_project\Aepms-backend\app\report_processor.py", line 370, in save_monthly_report
    session.flush()
  File "C:\Ozellar_project\Aepms-backend\venv\lib\site-packages\sqlalchemy\orm\session.py", line 4345, in flush
    self._flush(objects)
  File "C:\Ozellar_project\Aepms-backend\venv\lib\site-packages\sqlalchemy\orm\session.py", line 4480, in _flush
    with util.safe_reraise():
  File "C:\Ozellar_project\Aepms-backend\venv\lib\site-packages\sqlalchemy\util\langhelpers.py", line 224, in __exit__
    raise exc_value.with_traceback(exc_tb)
  File "C:\Ozellar_project\Aepms-backend\venv\lib\site-packages\sqlalchemy\orm\session.py", line 4441, in _flush
    flush_context.execute()
  File "C:\Ozellar_project\Aepms-backend\venv\lib\site-packages\sqlalchemy\orm\unitofwork.py", line 466, in execute
    rec.execute(self)
  File "C:\Ozellar_project\Aepms-backend\venv\lib\site-packages\sqlalchemy\orm\unitofwork.py", line 642, in execute
    util.preloaded.orm_persistence.save_obj(
  File "C:\Ozellar_project\Aepms-backend\venv\lib\site-packages\sqlalchemy\orm\persistence.py", line 93, in save_obj
    _emit_insert_statements(
  File "C:\Ozellar_project\Aepms-backend\venv\lib\site-packages\sqlalchemy\orm\persistence.py", line 1233, in _emit_insert_statements
    result = connection.execute(
  File "C:\Ozellar_project\Aepms-backend\venv\lib\site-packages\sqlalchemy\engine\base.py", line 1419, in execute
    return meth(
  File "C:\Ozellar_project\Aepms-backend\venv\lib\site-packages\sqlalchemy\sql\elements.py", line 526, in _execute_on_connection
    return connection._execute_clauseelement(
  File "C:\Ozellar_project\Aepms-backend\venv\lib\site-packages\sqlalchemy\engine\base.py", line 1641, in _execute_clauseelement
    ret = self._execute_context(
  File "C:\Ozellar_project\Aepms-backend\venv\lib\site-packages\sqlalchemy\engine\base.py", line 1846, in _execute_context
    return self._exec_single_context(
  File "C:\Ozellar_project\Aepms-backend\venv\lib\site-packages\sqlalchemy\engine\base.py", line 1986, in _exec_single_context
    self._handle_dbapi_exception(
  File "C:\Ozellar_project\Aepms-backend\venv\lib\site-packages\sqlalchemy\engine\base.py", line 2355, in _handle_dbapi_exception
    raise sqlalchemy_exception.with_traceback(exc_info[2]) from e
  File "C:\Ozellar_project\Aepms-backend\venv\lib\site-packages\sqlalchemy\engine\base.py", line 1967, in _exec_single_context
    self.dialect.do_execute(
  File "C:\Ozellar_project\Aepms-backend\venv\lib\site-packages\sqlalchemy\engine\default.py", line 951, in do_execute
    cursor.execute(statement, parameters)
sqlalchemy.exc.DataError: (psycopg2.errors.NumericValueOutOfRange) numeric field overflow
DETAIL:  A field with precision 5, scale 2 must round to an absolute value less than 10^3.

[SQL: INSERT INTO monthly_report_header (imo_number, engine_identifier, report_month, report_date, engine_run_hrs, epl_implemented, max_power_limit_kw, max_load_limit_percent_after_epl, load_percent, rpm_percent, rpm, engine_indicated_power_kw, effective_power_kw, shaft_power_kw, load_indicator, max_comb_pr_avg_bar, comp_pr_avg_bar, scavenge_temp_c, scavenge_pr_bar, tc_exhaust_gas_temp_in_c, tc_exhaust_gas_temp_out_c, turbocharger_rpm_avg, tc_air_inlet_temp_c, tc_filter_dp_mmh2o, sfoc_measured_g_kwh, sfoc_calculated_g_kwh, fo_consumption_mt_hr, fuel_injection_pump_index_mm, exh_temp_cylinder_outlet_ave_c, egb_pressure_drop_mmh2o, ship_condition, displacement_mt, draft_f, draft_a, trim_mtr, wind_force, sea_state, weather, location, barometric_pressure_mmh2o, sea_water_temp_c, engine_room_temp_c, speed_gps_kn, speed_log_kn, speed_by_pitch_kn, slip_percent, time_start, time_finish, revolution_counter_start, revolution_counter_finish, measured_by, chief_engineer_name, tech_form_no, edition_no, revision_no, revision_date, created_at, updated_at) VALUES (%(imo_number)s, %(engine_identifier)s, %(report_month)s, %(report_date)s, %(engine_run_hrs)s, %(epl_implemented)s, %(max_power_limit_kw)s, %(max_load_limit_percent_after_epl)s, %(load_percent)s, %(rpm_percent)s, %(rpm)s, %(engine_indicated_power_kw)s, %(effective_power_kw)s, %(shaft_power_kw)s, %(load_indicator)s, %(max_comb_pr_avg_bar)s, %(comp_pr_avg_bar)s, %(scavenge_temp_c)s, %(scavenge_pr_bar)s, %(tc_exhaust_gas_temp_in_c)s, %(tc_exhaust_gas_temp_out_c)s, %(turbocharger_rpm_avg)s, %(tc_air_inlet_temp_c)s, %(tc_filter_dp_mmh2o)s, %(sfoc_measured_g_kwh)s, %(sfoc_calculated_g_kwh)s, %(fo_consumption_mt_hr)s, %(fuel_injection_pump_index_mm)s, %(exh_temp_cylinder_outlet_ave_c)s, %(egb_pressure_drop_mmh2o)s, %(ship_condition)s, %(displacement_mt)s, %(draft_f)s, %(draft_a)s, %(trim_mtr)s, %(wind_force)s, %(sea_state)s, %(weather)s, %(location)s, %(barometric_pressure_mmh2o)s, %(sea_water_temp_c)s, %(engine_room_temp_c)s, %(speed_gps_kn)s, %(speed_log_kn)s, %(speed_by_pitch_kn)s, %(slip_percent)s, %(time_start)s, %(time_finish)s, %(revolution_counter_start)s, %(revolution_counter_finish)s, %(measured_by)s, %(chief_engineer_name)s, %(tech_form_no)s, %(edition_no)s, %(revision_no)s, %(revision_date)s, CURRENT_TIMESTAMP, CURRENT_TIMESTAMP) RETURNING monthly_report_header.report_id, monthly_report_header.created_at, monthly_report_header.updated_at]
[parameters: {'imo_number': 9481661, 'engine_identifier': 'SE6S60-0086-SABARMATI', 'report_month': '2025-03', 'report_date': datetime.date(2025, 3, 18), 'engine_run_hrs': Decimal('63437.2'), 'epl_implemented': True, 'max_power_limit_kw': Decimal('13650'), 'max_load_limit_percent_after_epl': Decimal('8861.5'), 'load_percent': Decimal('50.435103244837755'), 'rpm_percent': Decimal('84.76'), 'rpm': Decimal('89'), 'engine_indicated_power_kw': Decimal('7442'), 'effective_power_kw': Decimal('6839'), 'shaft_power_kw': Decimal('6792'), 'load_indicator': Decimal('74'), 'max_comb_pr_avg_bar': Decimal('113.71666666666668'), 'comp_pr_avg_bar': Decimal('90.96666666666668'), 'scavenge_temp_c': Decimal('47'), 'scavenge_pr_bar': Decimal('2.1'), 'tc_exhaust_gas_temp_in_c': Decimal('380'), 'tc_exhaust_gas_temp_out_c': Decimal('245'), 'turbocharger_rpm_avg': Decimal('10492'), 'tc_air_inlet_temp_c': Decimal('46'), 'tc_filter_dp_mmh2o': Decimal('40'), 'sfoc_measured_g_kwh': Decimal('199.56'), 'sfoc_calculated_g_kwh': Decimal('225.17911975435004'), 'fo_consumption_mt_hr': Decimal('1.54'), 'fuel_injection_pump_index_mm': Decimal('69'), 'exh_temp_cylinder_outlet_ave_c': Decimal('319.6666666666667'), 'egb_pressure_drop_mmh2o': Decimal('90'), 'ship_condition': 'Loaded', 'displacement_mt': Decimal('124772'), 'draft_f': Decimal('13.76'), 'draft_a': Decimal('14.04'), 'trim_mtr': Decimal('0.27999999999999936'), 'wind_force': '3 - Moderate Breeze', 'sea_state': '3 - Slight', 'weather': 'Fine But Cloudy', 'location': 'SEA', 'barometric_pressure_mmh2o': Decimal('1010'), 'sea_water_temp_c': Decimal('32'), 'engine_room_temp_c': Decimal('42'), 'speed_gps_kn': Decimal('11.9'), 'speed_log_kn': Decimal('12.2'), 'speed_by_pitch_kn': Decimal('13.926673866090713'), 'slip_percent': Decimal('12.40'), 'time_start': datetime.time(14, 10), 'time_finish': datetime.time(15, 10), 'revolution_counter_start': Decimal('2935635'), 'revolution_counter_finish': Decimal('2940975'), 'measured_by': 'MURLI MANOHAR', 'chief_engineer_name': 'MR. SENTHIL GANESH S.', 'tech_form_no': '-7', 'edition_no': 1, 'revision_no': 1, 'revision_date': datetime.date(2024, 11, 1)}]
(Background on this error at: https://sqlalche.me/e/20/9h9h)
2025-11-27 17:22:07,305 [INFO] app.report_processor: Processing monthly report: 1. TE-07 ME Performance Sheet.pdf
2025-11-27 17:22:07,800 [ERROR] app.report_processor: Pipeline Failed: (psycopg2.errors.NumericValueOutOfRange) numeric field overflow
DETAIL:  A field with precision 5, scale 2 must round to an absolute value less than 10^3.

[SQL: INSERT INTO monthly_report_header (imo_number, engine_identifier, report_month, report_date, engine_run_hrs, epl_implemented, max_power_limit_kw, max_load_limit_percent_after_epl, load_percent, rpm_percent, rpm, engine_indicated_power_kw, effective_power_kw, shaft_power_kw, load_indicator, max_comb_pr_avg_bar, comp_pr_avg_bar, scavenge_temp_c, scavenge_pr_bar, tc_exhaust_gas_temp_in_c, tc_exhaust_gas_temp_out_c, turbocharger_rpm_avg, tc_air_inlet_temp_c, tc_filter_dp_mmh2o, sfoc_measured_g_kwh, sfoc_calculated_g_kwh, fo_consumption_mt_hr, fuel_injection_pump_index_mm, exh_temp_cylinder_outlet_ave_c, egb_pressure_drop_mmh2o, ship_condition, displacement_mt, draft_f, draft_a, trim_mtr, wind_force, sea_state, weather, location, barometric_pressure_mmh2o, sea_water_temp_c, engine_room_temp_c, speed_gps_kn, speed_log_kn, speed_by_pitch_kn, slip_percent, time_start, time_finish, revolution_counter_start, revolution_counter_finish, measured_by, chief_engineer_name, tech_form_no, edition_no, revision_no, revision_date, created_at, updated_at) VALUES (%(imo_number)s, %(engine_identifier)s, %(report_month)s, %(report_date)s, %(engine_run_hrs)s, %(epl_implemented)s, %(max_power_limit_kw)s, %(max_load_limit_percent_after_epl)s, %(load_percent)s, %(rpm_percent)s, %(rpm)s, %(engine_indicated_power_kw)s, %(effective_power_kw)s, %(shaft_power_kw)s, %(load_indicator)s, %(max_comb_pr_avg_bar)s, %(comp_pr_avg_bar)s, %(scavenge_temp_c)s, %(scavenge_pr_bar)s, %(tc_exhaust_gas_temp_in_c)s, %(tc_exhaust_gas_temp_out_c)s, %(turbocharger_rpm_avg)s, %(tc_air_inlet_temp_c)s, %(tc_filter_dp_mmh2o)s, %(sfoc_measured_g_kwh)s, %(sfoc_calculated_g_kwh)s, %(fo_consumption_mt_hr)s, %(fuel_injection_pump_index_mm)s, %(exh_temp_cylinder_outlet_ave_c)s, %(egb_pressure_drop_mmh2o)s, %(ship_condition)s, %(displacement_mt)s, %(draft_f)s, %(draft_a)s, %(trim_mtr)s, %(wind_force)s, %(sea_state)s, %(weather)s, %(location)s, %(barometric_pressure_mmh2o)s, %(sea_water_temp_c)s, %(engine_room_temp_c)s, %(speed_gps_kn)s, %(speed_log_kn)s, %(speed_by_pitch_kn)s, %(slip_percent)s, %(time_start)s, %(time_finish)s, %(revolution_counter_start)s, %(revolution_counter_finish)s, %(measured_by)s, %(chief_engineer_name)s, %(tech_form_no)s, %(edition_no)s, %(revision_no)s, %(revision_date)s, CURRENT_TIMESTAMP, CURRENT_TIMESTAMP) RETURNING monthly_report_header.report_id, monthly_report_header.created_at, monthly_report_header.updated_at]
[parameters: {'imo_number': 9481661, 'engine_identifier': 'SE6S60-0086-SABARMATI', 'report_month': '2025-03', 'report_date': datetime.date(2025, 3, 18), 'engine_run_hrs': Decimal('63437.2'), 'epl_implemented': True, 'max_power_limit_kw': Decimal('13650'), 'max_load_limit_percent_after_epl': Decimal('8861.5'), 'load_percent': Decimal('50.435103244837755'), 'rpm_percent': Decimal('84.76'), 'rpm': Decimal('89'), 'engine_indicated_power_kw': Decimal('7442'), 'effective_power_kw': Decimal('6839'), 'shaft_power_kw': Decimal('6792'), 'load_indicator': Decimal('74'), 'max_comb_pr_avg_bar': Decimal('113.71666666666668'), 'comp_pr_avg_bar': Decimal('90.96666666666668'), 'scavenge_temp_c': Decimal('47'), 'scavenge_pr_bar': Decimal('2.1'), 'tc_exhaust_gas_temp_in_c': Decimal('380'), 'tc_exhaust_gas_temp_out_c': Decimal('245'), 'turbocharger_rpm_avg': Decimal('10492'), 'tc_air_inlet_temp_c': Decimal('46'), 'tc_filter_dp_mmh2o': Decimal('40'), 'sfoc_measured_g_kwh': Decimal('199.56'), 'sfoc_calculated_g_kwh': Decimal('225.17911975435004'), 'fo_consumption_mt_hr': Decimal('1.54'), 'fuel_injection_pump_index_mm': Decimal('69'), 'exh_temp_cylinder_outlet_ave_c': Decimal('319.6666666666667'), 'egb_pressure_drop_mmh2o': Decimal('90'), 'ship_condition': 'Loaded', 'displacement_mt': Decimal('124772'), 'draft_f': Decimal('13.76'), 'draft_a': Decimal('14.04'), 'trim_mtr': Decimal('0.27999999999999936'), 'wind_force': '3 - Moderate Breeze', 'sea_state': '3 - Slight', 'weather': 'Fine But Cloudy', 'location': 'SEA', 'barometric_pressure_mmh2o': Decimal('1010'), 'sea_water_temp_c': Decimal('32'), 'engine_room_temp_c': Decimal('42'), 'speed_gps_kn': Decimal('11.9'), 'speed_log_kn': Decimal('12.2'), 'speed_by_pitch_kn': Decimal('13.926673866090713'), 'slip_percent': Decimal('12.40'), 'time_start': datetime.time(14, 10), 'time_finish': datetime.time(15, 10), 'revolution_counter_start': Decimal('2935635'), 'revolution_counter_finish': Decimal('2940975'), 'measured_by': 'MURLI MANOHAR', 'chief_engineer_name': 'MR. SENTHIL GANESH S.', 'tech_form_no': '-7', 'edition_no': 1, 'revision_no': 1, 'revision_date': datetime.date(2024, 11, 1)}]
(Background on this error at: https://sqlalche.me/e/20/9h9h)
Traceback (most recent call last):
  File "C:\Ozellar_project\Aepms-backend\venv\lib\site-packages\sqlalchemy\engine\base.py", line 1967, in _exec_single_context
    self.dialect.do_execute(
  File "C:\Ozellar_project\Aepms-backend\venv\lib\site-packages\sqlalchemy\engine\default.py", line 951, in do_execute
    cursor.execute(statement, parameters)
psycopg2.errors.NumericValueOutOfRange: numeric field overflow
DETAIL:  A field with precision 5, scale 2 must round to an absolute value less than 10^3.


The above exception was the direct cause of the following exception:

Traceback (most recent call last):
  File "C:\Ozellar_project\Aepms-backend\app\report_processor.py", line 370, in save_monthly_report
    session.flush()
  File "C:\Ozellar_project\Aepms-backend\venv\lib\site-packages\sqlalchemy\orm\session.py", line 4345, in flush
    self._flush(objects)
  File "C:\Ozellar_project\Aepms-backend\venv\lib\site-packages\sqlalchemy\orm\session.py", line 4480, in _flush
    with util.safe_reraise():
  File "C:\Ozellar_project\Aepms-backend\venv\lib\site-packages\sqlalchemy\util\langhelpers.py", line 224, in __exit__
    raise exc_value.with_traceback(exc_tb)
  File "C:\Ozellar_project\Aepms-backend\venv\lib\site-packages\sqlalchemy\orm\session.py", line 4441, in _flush
    flush_context.execute()
  File "C:\Ozellar_project\Aepms-backend\venv\lib\site-packages\sqlalchemy\orm\unitofwork.py", line 466, in execute
    rec.execute(self)
  File "C:\Ozellar_project\Aepms-backend\venv\lib\site-packages\sqlalchemy\orm\unitofwork.py", line 642, in execute
    util.preloaded.orm_persistence.save_obj(
  File "C:\Ozellar_project\Aepms-backend\venv\lib\site-packages\sqlalchemy\orm\persistence.py", line 93, in save_obj
    _emit_insert_statements(
  File "C:\Ozellar_project\Aepms-backend\venv\lib\site-packages\sqlalchemy\orm\persistence.py", line 1233, in _emit_insert_statements
    result = connection.execute(
  File "C:\Ozellar_project\Aepms-backend\venv\lib\site-packages\sqlalchemy\engine\base.py", line 1419, in execute
    return meth(
  File "C:\Ozellar_project\Aepms-backend\venv\lib\site-packages\sqlalchemy\sql\elements.py", line 526, in _execute_on_connection
    return connection._execute_clauseelement(
  File "C:\Ozellar_project\Aepms-backend\venv\lib\site-packages\sqlalchemy\engine\base.py", line 1641, in _execute_clauseelement
    ret = self._execute_context(
  File "C:\Ozellar_project\Aepms-backend\venv\lib\site-packages\sqlalchemy\engine\base.py", line 1846, in _execute_context
    return self._exec_single_context(
  File "C:\Ozellar_project\Aepms-backend\venv\lib\site-packages\sqlalchemy\engine\base.py", line 1986, in _exec_single_context
    self._handle_dbapi_exception(
  File "C:\Ozellar_project\Aepms-backend\venv\lib\site-packages\sqlalchemy\engine\base.py", line 2355, in _handle_dbapi_exception
    raise sqlalchemy_exception.with_traceback(exc_info[2]) from e
  File "C:\Ozellar_project\Aepms-backend\venv\lib\site-packages\sqlalchemy\engine\base.py", line 1967, in _exec_single_context
    self.dialect.do_execute(
  File "C:\Ozellar_project\Aepms-backend\venv\lib\site-packages\sqlalchemy\engine\default.py", line 951, in do_execute
    cursor.execute(statement, parameters)
sqlalchemy.exc.DataError: (psycopg2.errors.NumericValueOutOfRange) numeric field overflow
DETAIL:  A field with precision 5, scale 2 must round to an absolute value less than 10^3.

[SQL: INSERT INTO monthly_report_header (imo_number, engine_identifier, report_month, report_date, engine_run_hrs, epl_implemented, max_power_limit_kw, max_load_limit_percent_after_epl, load_percent, rpm_percent, rpm, engine_indicated_power_kw, effective_power_kw, shaft_power_kw, load_indicator, max_comb_pr_avg_bar, comp_pr_avg_bar, scavenge_temp_c, scavenge_pr_bar, tc_exhaust_gas_temp_in_c, tc_exhaust_gas_temp_out_c, turbocharger_rpm_avg, tc_air_inlet_temp_c, tc_filter_dp_mmh2o, sfoc_measured_g_kwh, sfoc_calculated_g_kwh, fo_consumption_mt_hr, fuel_injection_pump_index_mm, exh_temp_cylinder_outlet_ave_c, egb_pressure_drop_mmh2o, ship_condition, displacement_mt, draft_f, draft_a, trim_mtr, wind_force, sea_state, weather, location, barometric_pressure_mmh2o, sea_water_temp_c, engine_room_temp_c, speed_gps_kn, speed_log_kn, speed_by_pitch_kn, slip_percent, time_start, time_finish, revolution_counter_start, revolution_counter_finish, measured_by, chief_engineer_name, tech_form_no, edition_no, revision_no, revision_date, created_at, updated_at) VALUES (%(imo_number)s, %(engine_identifier)s, %(report_month)s, %(report_date)s, %(engine_run_hrs)s, %(epl_implemented)s, %(max_power_limit_kw)s, %(max_load_limit_percent_after_epl)s, %(load_percent)s, %(rpm_percent)s, %(rpm)s, %(engine_indicated_power_kw)s, %(effective_power_kw)s, %(shaft_power_kw)s, %(load_indicator)s, %(max_comb_pr_avg_bar)s, %(comp_pr_avg_bar)s, %(scavenge_temp_c)s, %(scavenge_pr_bar)s, %(tc_exhaust_gas_temp_in_c)s, %(tc_exhaust_gas_temp_out_c)s, %(turbocharger_rpm_avg)s, %(tc_air_inlet_temp_c)s, %(tc_filter_dp_mmh2o)s, %(sfoc_measured_g_kwh)s, %(sfoc_calculated_g_kwh)s, %(fo_consumption_mt_hr)s, %(fuel_injection_pump_index_mm)s, %(exh_temp_cylinder_outlet_ave_c)s, %(egb_pressure_drop_mmh2o)s, %(ship_condition)s, %(displacement_mt)s, %(draft_f)s, %(draft_a)s, %(trim_mtr)s, %(wind_force)s, %(sea_state)s, %(weather)s, %(location)s, %(barometric_pressure_mmh2o)s, %(sea_water_temp_c)s, %(engine_room_temp_c)s, %(speed_gps_kn)s, %(speed_log_kn)s, %(speed_by_pitch_kn)s, %(slip_percent)s, %(time_start)s, %(time_finish)s, %(revolution_counter_start)s, %(revolution_counter_finish)s, %(measured_by)s, %(chief_engineer_name)s, %(tech_form_no)s, %(edition_no)s, %(revision_no)s, %(revision_date)s, CURRENT_TIMESTAMP, CURRENT_TIMESTAMP) RETURNING monthly_report_header.report_id, monthly_report_header.created_at, monthly_report_header.updated_at]
[parameters: {'imo_number': 9481661, 'engine_identifier': 'SE6S60-0086-SABARMATI', 'report_month': '2025-03', 'report_date': datetime.date(2025, 3, 18), 'engine_run_hrs': Decimal('63437.2'), 'epl_implemented': True, 'max_power_limit_kw': Decimal('13650'), 'max_load_limit_percent_after_epl': Decimal('8861.5'), 'load_percent': Decimal('50.435103244837755'), 'rpm_percent': Decimal('84.76'), 'rpm': Decimal('89'), 'engine_indicated_power_kw': Decimal('7442'), 'effective_power_kw': Decimal('6839'), 'shaft_power_kw': Decimal('6792'), 'load_indicator': Decimal('74'), 'max_comb_pr_avg_bar': Decimal('113.71666666666668'), 'comp_pr_avg_bar': Decimal('90.96666666666668'), 'scavenge_temp_c': Decimal('47'), 'scavenge_pr_bar': Decimal('2.1'), 'tc_exhaust_gas_temp_in_c': Decimal('380'), 'tc_exhaust_gas_temp_out_c': Decimal('245'), 'turbocharger_rpm_avg': Decimal('10492'), 'tc_air_inlet_temp_c': Decimal('46'), 'tc_filter_dp_mmh2o': Decimal('40'), 'sfoc_measured_g_kwh': Decimal('199.56'), 'sfoc_calculated_g_kwh': Decimal('225.17911975435004'), 'fo_consumption_mt_hr': Decimal('1.54'), 'fuel_injection_pump_index_mm': Decimal('69'), 'exh_temp_cylinder_outlet_ave_c': Decimal('319.6666666666667'), 'egb_pressure_drop_mmh2o': Decimal('90'), 'ship_condition': 'Loaded', 'displacement_mt': Decimal('124772'), 'draft_f': Decimal('13.76'), 'draft_a': Decimal('14.04'), 'trim_mtr': Decimal('0.27999999999999936'), 'wind_force': '3 - Moderate Breeze', 'sea_state': '3 - Slight', 'weather': 'Fine But Cloudy', 'location': 'SEA', 'barometric_pressure_mmh2o': Decimal('1010'), 'sea_water_temp_c': Decimal('32'), 'engine_room_temp_c': Decimal('42'), 'speed_gps_kn': Decimal('11.9'), 'speed_log_kn': Decimal('12.2'), 'speed_by_pitch_kn': Decimal('13.926673866090713'), 'slip_percent': Decimal('12.40'), 'time_start': datetime.time(14, 10), 'time_finish': datetime.time(15, 10), 'revolution_counter_start': Decimal('2935635'), 'revolution_counter_finish': Decimal('2940975'), 'measured_by': 'MURLI MANOHAR', 'chief_engineer_name': 'MR. SENTHIL GANESH S.', 'tech_form_no': '-7', 'edition_no': 1, 'revision_no': 1, 'revision_date': datetime.date(2024, 11, 1)}]
(Background on this error at: https://sqlalche.me/e/20/9h9h)
2025-11-27 17:22:18,273 [INFO] app.report_processor: Processing monthly report: TE-07 ME Performance Sheet JAN 2025.pdf
2025-11-27 17:25:13,760 [INFO] app.report_processor: Processing monthly report: TE-07 ME Performance Sheet JAN 2025.pdf
2025-11-27 17:25:54,259 [INFO] app.report_processor: Processing monthly report: TE-07 ME Performance Sheet JAN 2025.pdf
2025-11-27 17:30:30,940 [INFO] app.report_processor: Processing monthly report: TE-07 ME Performance Sheet JAN 2025.pdf
2025-11-27 17:33:59,804 [INFO] app.report_processor: Processing monthly report: TE-07 ME Performance Sheet JAN 2025.pdf
2025-11-27 18:51:40,560 [INFO] app.report_processor: Processing monthly report: TE-07 ME Performance Sheet JAN 2025.pdf
2025-11-27 18:54:33,585 [INFO] app.report_processor: Processing monthly report: TE-07 ME Performance Sheet JAN 2025.pdf
2025-11-27 18:58:58,389 [INFO] app.report_processor: Processing monthly report: TE-07 ME Performance Sheet JAN 2025.pdf
2025-11-27 19:05:10,001 [INFO] app.report_processor: Processing monthly report: TE-07 ME Performance Sheet JAN 2025.pdf
2025-11-27 19:05:11,469 [INFO] app.report_processor: Alert Summary - N:10, W:3, C:0
2025-11-27 19:05:11,472 [INFO] app.report_processor: Dominant Status Determined: Normal
2025-11-27 19:14:45,680 [INFO] app.report_processor: Processing monthly report: TE-07 ME Performance Sheet JAN 2025.pdf
2025-11-27 19:15:32,835 [INFO] app.report_processor: Processing monthly report: 1. TE-07 ME Performance Sheet.pdf
2025-11-27 19:15:34,960 [INFO] app.report_processor: Alert Summary - N:1, W:3, C:9
2025-11-27 19:15:34,962 [INFO] app.report_processor: Dominant Status Determined: Critical
2025-11-28 10:01:12,349 [INFO] app.report_processor: Processing monthly report: 1. TE-07 ME Performance Sheet.pdf
2025-11-28 10:07:38,753 [INFO] app.report_processor: Processing monthly report: 1. TE-07 ME Performance Sheet.pdf
2025-11-28 10:18:43,185 [INFO] app.report_processor: Processing monthly report: 1. TE-07 ME Performance Sheet.pdf
2025-11-28 10:19:56,121 [INFO] app.report_processor: Processing monthly report: 1. TE-07 ME Performance Sheet.pdf
2025-11-28 10:24:29,394 [INFO] app.report_processor: Processing monthly report: TE-07 ME Performance Sheet MAR 2025.pdf
2025-11-28 10:24:31,879 [INFO] app.report_processor: Alert Summary - N:7, W:6, C:0
2025-11-28 10:24:31,881 [INFO] app.report_processor: Dominant Status Determined: Normal
2025-11-28 10:25:12,711 [INFO] app.report_processor: Processing monthly report: TE-07 ME Performance Sheet FEB 2025.pdf
2025-11-28 10:25:14,496 [INFO] app.report_processor: Alert Summary - N:10, W:2, C:1
2025-11-28 10:25:14,497 [INFO] app.report_processor: Dominant Status Determined: Normal
2025-11-28 10:25:49,779 [INFO] app.report_processor: Processing monthly report: TE-07 ME Performance Sheet JAN 2025.pdf
2025-11-28 10:26:20,646 [INFO] app.report_processor: Processing monthly report: TE-07 ME Performance Sheet MAY 2025 - GCL Ganga.pdf
2025-11-28 10:26:22,087 [INFO] app.report_processor: Alert Summary - N:10, W:2, C:1
2025-11-28 10:26:22,088 [INFO] app.report_processor: Dominant Status Determined: Normal
2025-11-28 10:26:49,713 [INFO] app.report_processor: Processing monthly report: TE-07 ME Performance Sheet APR 2025.pdf
2025-11-28 10:26:51,460 [INFO] app.report_processor: Alert Summary - N:6, W:5, C:2
2025-11-28 10:26:51,462 [INFO] app.report_processor: Dominant Status Determined: Normal
2025-11-28 10:27:36,257 [INFO] app.report_processor: Processing monthly report: TE-07 ME Performance Sheet JUNE 2025.pdf
2025-11-28 10:27:37,983 [INFO] app.report_processor: Alert Summary - N:9, W:3, C:1
2025-11-28 10:27:37,984 [INFO] app.report_processor: Dominant Status Determined: Normal
2025-11-28 10:32:49,717 [INFO] app.report_processor: Processing monthly report: TE-07 ME Performance Sheet JUNE 2025.pdf
2025-11-28 10:52:40,518 [INFO] app.report_processor: Processing monthly report: TE-07+ME+Performance+Sheet-APR 25.pdf
2025-11-28 10:52:42,093 [INFO] app.report_processor: Alert Summary - N:0, W:0, C:0
2025-11-28 10:52:42,095 [INFO] app.report_processor: Dominant Status Determined: Normal
2025-11-28 10:52:51,018 [INFO] app.report_processor: Processing monthly report: TE-07+ME+Performance+Sheet-COMPLETED APR 25.pdf
2025-11-28 17:15:34,109 [INFO] app.report_processor: Processing monthly report: TE-07 ME Performance Sheet APR 2025.pdf
2025-11-28 17:32:16,018 [INFO] app.report_processor: Processing monthly report: 1.TE - 07 ME Performance Sheet AM Kirti.pdf
2025-11-28 17:32:19,055 [INFO] app.report_processor: Alert Summary - N:4, W:1, C:8
2025-11-28 17:32:19,056 [INFO] app.report_processor: Dominant Status Determined: Critical
2025-11-28 17:40:24,097 [INFO] app.report_processor: Processing monthly report: 1.TE-07 ME Performance Sheet - GCL Sabarmati.pdf
2025-11-28 17:40:25,493 [INFO] app.report_processor: Alert Summary - N:5, W:1, C:7
2025-11-28 17:40:25,495 [INFO] app.report_processor: Dominant Status Determined: Critical
2026-03-19 15:00:16,744 [INFO] app.report_processor: Processing monthly report: 3. TE-07 ME Performance.pdf
2026-03-19 15:00:18,136 [INFO] app.report_processor: Alert Summary Counts - Normal: 8, Warning: 4, Critical: 1
2026-03-19 15:00:18,137 [INFO] app.report_processor: Final Dominant Status Determined: Critical
2026-03-19 15:03:12,708 [INFO] app.report_processor: Processing monthly report: 08. TECH - 07 ME Performance Sheet.pdf
2026-03-19 15:03:13,452 [INFO] app.report_processor: Alert Summary Counts - Normal: 6, Warning: 2, Critical: 5
2026-03-19 15:03:13,453 [INFO] app.report_processor: Final Dominant Status Determined: Critical
2026-03-19 15:05:11,005 [INFO] app.report_processor: Processing monthly report: 08. TECH-07 ME Performance Sheet.pdf
2026-03-19 15:05:11,464 [INFO] app.report_processor: Alert Summary Counts - Normal: 9, Warning: 4, Critical: 0
2026-03-19 15:05:11,465 [INFO] app.report_processor: Final Dominant Status Determined: Warning
2026-03-19 15:06:05,625 [INFO] app.report_processor: Processing monthly report: 12. TECH-07 ME Performance Sheet.pdf
2026-03-19 15:06:06,136 [INFO] app.report_processor: Alert Summary Counts - Normal: 7, Warning: 3, Critical: 3
2026-03-19 15:06:06,137 [INFO] app.report_processor: Final Dominant Status Determined: Critical
2026-03-19 15:07:04,099 [INFO] app.report_processor: Processing monthly report: 12. TECH-07 ME Performance Sheet - Dec 2025.pdf
2026-03-19 15:07:04,590 [INFO] app.report_processor: Alert Summary Counts - Normal: 8, Warning: 4, Critical: 1
2026-03-19 15:07:04,590 [INFO] app.report_processor: Final Dominant Status Determined: Critical
2026-03-19 15:19:52,269 [INFO] app.report_processor: Processing monthly report: TECH - 07 ME Performance Sheet DEC 2025 BIO FUEL.pdf
2026-03-19 15:19:52,999 [INFO] app.report_processor: Alert Summary Counts - Normal: 10, Warning: 2, Critical: 1
2026-03-19 15:19:52,999 [INFO] app.report_processor: Final Dominant Status Determined: Critical
2026-03-26 22:58:32,889 [INFO] app.report_processor: Processing monthly report: TE-07 ME Performance Sheet JAN 2025.pdf
2026-03-26 22:58:34,351 [INFO] app.report_processor: Alert Summary Counts - Normal: 13, Warning: 0, Critical: 0
2026-03-26 22:58:34,352 [INFO] app.report_processor: Final Dominant Status Determined: Normal
