2025-10-26 15:07:27,724 | __main__             | INFO     | Logging initialized. Log file: logs\ship_performance_20251026_150727.log
2025-10-26 15:07:27,724 | __main__             | INFO     | Processing Main Engine Excel file: D:\Ozellar Project\Aepms-backend\iso-performance-backend\data\Engine_Performance_Data.xlsx
2025-10-26 15:07:27,724 | __main__             | INFO     | Processing Auxiliary Engine Excel file: D:\Ozellar Project\Aepms-backend\iso-performance-backend\data\AE_Shop_Trail.xlsx
2025-10-26 15:07:27,725 | __main__             | INFO     | Configuration:
2025-10-26 15:07:27,725 | __main__             | INFO     |   Database: postgresql+psycopg2://aepms_deepa_login:****@20.244.0.96:5432/aepms_db
2025-10-26 15:07:27,728 | __main__             | INFO     |   Log Level: INFO
2025-10-26 15:07:27,728 | __main__             | INFO     |   Data Directory: data
2025-10-26 15:07:27,728 | __main__             | INFO     | Validating Main Engine Excel file...
2025-10-26 15:07:27,728 | __main__             | INFO     | Excel file validated: D:\Ozellar Project\Aepms-backend\iso-performance-backend\data\Engine_Performance_Data.xlsx (41,746 bytes)
2025-10-26 15:07:27,728 | __main__             | INFO     | Validating Auxiliary Engine Excel file...
2025-10-26 15:07:27,728 | __main__             | ERROR    | Excel file not found: D:\Ozellar Project\Aepms-backend\iso-performance-backend\data\AE_Shop_Trail.xlsx
2025-10-26 15:07:27,728 | __main__             | WARNING  | AE Excel validation failed. Continuing with ME data only.
2025-10-26 15:07:27,729 | __main__             | INFO     | Initializing database connection...
2025-10-26 15:07:28,525 | app.database         | INFO     | ✅ Database connection successful!
2025-10-26 15:07:28,527 | app.database         | INFO     | PostgreSQL version: PostgreSQL 16.10 (Ubuntu 16.10-0ubuntu0.24.04.1) on x86_64-pc-linux-gnu, compiled by gcc (Ubuntu 13.3.0-6ubuntu2~24.04) 13.3.0, 64-bit
2025-10-26 15:07:28,528 | app.database         | INFO     | Database: aepms_db
2025-10-26 15:07:28,528 | app.database         | INFO     | User: aepms_deepa_login
2025-10-26 15:07:29,280 | app.database         | INFO     | ✅ All tables created successfully!
2025-10-26 15:07:29,860 | app.database         | INFO     | ✅ Migration applied: added column csr_power_kw to vessel_info
2025-10-26 15:07:29,907 | app.database         | INFO     | ✅ Migration applied: added comment for csr_power_kw
2025-10-26 15:07:30,129 | app.database         | INFO     | ✅ Migration applied: added column barred_speed_rpm_start to vessel_info
2025-10-26 15:07:30,436 | app.database         | INFO     | ✅ Migration applied: added comment for barred_speed_rpm_start
2025-10-26 15:07:30,471 | app.database         | INFO     | ✅ Migration applied: added column barred_speed_rpm_end to vessel_info
2025-10-26 15:07:30,503 | app.database         | INFO     | ✅ Migration applied: added comment for barred_speed_rpm_end
2025-10-26 15:07:31,003 | app.database         | INFO     | ✅ Migration applied: widened barometric_pressure_mmh2o to numeric(8,3)
2025-10-26 15:07:31,402 | app.database         | INFO     | ✅ Migration applied: added fo_consumption_mt_hr to monthly_report_header
2025-10-26 15:07:32,106 | app.database         | INFO     | ✅ Migration applied: added fuel_injection_pump_index_mm to monthly_report_header
2025-10-26 15:07:32,253 | app.database         | INFO     | ✅ Migration applied: added exh_temp_cylinder_outlet_ave_c to monthly_report_header
2025-10-26 15:07:33,546 | app.database         | INFO     | ✅ Migration applied: vessel_info.vessel_id set to NULLABLE
2025-10-26 15:07:34,934 | app.database         | INFO     | ✅ Migration applied: added permissions column to users
2025-10-26 15:07:35,038 | app.database         | INFO     | ✅ Migration applied: added password_hash column to users
2025-10-26 15:07:35,261 | app.database         | INFO     | ✅ Migration applied: added created_by column to users
2025-10-26 15:07:41,189 | app.database         | INFO     | 📊 Current table row counts:
2025-10-26 15:07:41,190 | app.database         | INFO     |   vessel_info: 8 rows
2025-10-26 15:07:41,191 | app.database         | INFO     |   shop_trial_session: 8 rows
2025-10-26 15:07:41,191 | app.database         | INFO     |   monthly_report_header: 2 rows
2025-10-26 15:07:41,191 | app.database         | INFO     |   baseline_performance_data: 0 rows
2025-10-26 15:07:41,191 | app.database         | INFO     |   shop_trial_performance_data: 54 rows
2025-10-26 15:07:41,191 | app.database         | INFO     |   monthly_report_details_jsonb: 2 rows
2025-10-26 15:07:41,191 | app.database         | INFO     |   monthly_iso_performance_data: 2 rows
2025-10-26 15:07:41,192 | app.database         | INFO     |   generator_monthly_report_details_jsonb: 2 rows
2025-10-26 15:07:41,192 | app.database         | INFO     |   generator_monthly_report_header: 2 rows
2025-10-26 15:07:41,192 | app.database         | INFO     |   vessel_generator: 16 rows
2025-10-26 15:07:41,192 | app.database         | INFO     |   generator_performance_graph_data: 2 rows
2025-10-26 15:07:41,193 | app.database         | INFO     |   role_permissions: 4 rows
2025-10-26 15:07:41,193 | app.database         | INFO     |   organizations: 2 rows
2025-10-26 15:07:41,193 | app.database         | INFO     |   users: 2 rows
2025-10-26 15:07:41,193 | app.database         | INFO     |   generator_baseline_data: 20 rows
2025-10-26 15:07:41,194 | __main__             | INFO     | Extracting Main Engine data from Excel file...
2025-10-26 15:07:41,570 | app.excel_loader     | INFO     | Loaded Excel file with 5 sheets: ['vessel_info', 'shop_trial_session', 'shop_trial_performance_data', 'monthly_report_header', 'monthly_report_details_jsonb']
2025-10-26 15:07:41,570 | app.excel_loader     | INFO     | Processing sheet: vessel_info
2025-10-26 15:07:41,574 | app.excel_loader     | INFO     | Processing sheet: shop_trial_session
2025-10-26 15:07:41,577 | app.excel_loader     | INFO     | Processing sheet: shop_trial_performance_data
2025-10-26 15:07:41,608 | app.excel_loader     | INFO     | Processing sheet: monthly_report_header
2025-10-26 15:07:41,614 | app.excel_loader     | INFO     | Processing sheet: monthly_report_details_jsonb
2025-10-26 15:07:41,616 | app.excel_loader     | INFO     | Extraction summary: {'vessels': 8, 'sessions': 8, 'performance_data': 54, 'crank_deflections': 0, 'bearing_temperatures': 0, 'monthly_headers': 0, 'monthly_details': 0}
2025-10-26 15:07:41,616 | __main__             | INFO     | Main Engine data extraction summary:
2025-10-26 15:07:41,616 | __main__             | INFO     |   vessels: 8 records
2025-10-26 15:07:41,616 | __main__             | INFO     |   sessions: 8 records
2025-10-26 15:07:41,616 | __main__             | INFO     |   performance_data: 54 records
2025-10-26 15:07:41,616 | __main__             | INFO     |   crank_deflections: 0 records
2025-10-26 15:07:41,618 | __main__             | INFO     |   bearing_temperatures: 0 records
2025-10-26 15:07:41,619 | __main__             | INFO     |   monthly_headers: 0 records
2025-10-26 15:07:41,619 | __main__             | INFO     |   monthly_details: 0 records
2025-10-26 15:07:41,619 | __main__             | INFO     | Loading Main Engine data into PostgreSQL database...
2025-10-26 15:07:41,619 | app.data_loader      | INFO     | Starting optimized data loading process...
2025-10-26 15:07:41,619 | app.data_loader      | INFO     | Pre-loading existing data for efficient processing...
2025-10-26 15:07:42,225 | app.data_loader      | INFO     | Pre-loaded: 8 vessels, 8 sessions, 2 monthly headers
2025-10-26 15:07:42,225 | app.data_loader      | INFO     | Loading 8 vessels...
2025-10-26 15:07:42,731 | app.data_loader      | INFO     | Vessel loading completed: 0 inserted, 8 updated
2025-10-26 15:07:42,732 | app.data_loader      | INFO     | Loading 8 sessions...
2025-10-26 15:07:47,478 | app.data_loader      | INFO     | Session loading completed: 0 inserted, 8 updated
2025-10-26 15:07:47,480 | app.data_loader      | INFO     | Loading 54 performance records...
2025-10-26 15:07:56,662 | app.data_loader      | INFO     | Performance data loading completed: 0 inserted, 54 updated
2025-10-26 15:07:56,663 | app.data_loader      | INFO     | Optimized data loading completed successfully
2025-10-26 15:07:56,667 | __main__             | INFO     | Data loading pipeline completed successfully! Processed 70 records
