2025-11-17 11:59:24,149 | __main__             | INFO     | Logging initialized. Log file: logs\ship_performance_20251117_115924.log
2025-11-17 11:59:24,149 | __main__             | INFO     | Processing Main Engine Excel file: C:\Ozellar_project\Aepms-backend\data\ae_shop_trail.xlsx
2025-11-17 11:59:24,149 | __main__             | INFO     | Configuration:
2025-11-17 11:59:24,149 | __main__             | INFO     |   Database: postgresql+psycopg2://gokul:****@localhost:5432/Ozellar_Project
2025-11-17 11:59:24,149 | __main__             | INFO     |   Log Level: INFO
2025-11-17 11:59:24,189 | __main__             | INFO     |   Data Directory: data
2025-11-17 11:59:24,190 | __main__             | INFO     | Validating Main Engine Excel file...
2025-11-17 11:59:24,190 | __main__             | ERROR    | Excel file not found: C:\Ozellar_project\Aepms-backend\data\ae_shop_trail.xlsx
2025-11-17 11:59:24,190 | __main__             | WARNING  | ME file invalid, continuing with AE data only
2025-11-17 11:59:24,190 | __main__             | INFO     | Initializing database connection...
2025-11-17 11:59:24,340 | sqlalchemy.engine.Engine | INFO     | select pg_catalog.version()
2025-11-17 11:59:24,340 | sqlalchemy.engine.Engine | INFO     | [raw sql] {}
2025-11-17 11:59:24,340 | sqlalchemy.engine.Engine | INFO     | select current_schema()
2025-11-17 11:59:24,348 | sqlalchemy.engine.Engine | INFO     | [raw sql] {}
2025-11-17 11:59:24,350 | sqlalchemy.engine.Engine | INFO     | show standard_conforming_strings
2025-11-17 11:59:24,352 | sqlalchemy.engine.Engine | INFO     | [raw sql] {}
2025-11-17 11:59:24,357 | sqlalchemy.engine.Engine | INFO     | BEGIN (implicit)
2025-11-17 11:59:24,357 | sqlalchemy.engine.Engine | INFO     | SELECT version(), current_database(), current_user
2025-11-17 11:59:24,359 | sqlalchemy.engine.Engine | INFO     | [generated in 0.00279s] {}
2025-11-17 11:59:24,361 | app.database         | INFO     | ✅ Database connection successful!
2025-11-17 11:59:24,362 | app.database         | INFO     | PostgreSQL version: PostgreSQL 17.6 on x86_64-windows, compiled by msvc-19.44.35217, 64-bit
2025-11-17 11:59:24,362 | app.database         | INFO     | Database: Ozellar_Project
2025-11-17 11:59:24,362 | app.database         | INFO     | User: gokul
2025-11-17 11:59:24,362 | sqlalchemy.engine.Engine | INFO     | ROLLBACK
2025-11-17 11:59:24,366 | sqlalchemy.engine.Engine | INFO     | BEGIN (implicit)
2025-11-17 11:59:24,376 | sqlalchemy.engine.Engine | INFO     | SELECT pg_catalog.pg_class.relname 
FROM pg_catalog.pg_class JOIN pg_catalog.pg_namespace ON pg_catalog.pg_namespace.oid = pg_catalog.pg_class.relnamespace 
WHERE pg_catalog.pg_class.relname = %(table_name)s AND pg_catalog.pg_class.relkind = ANY (ARRAY[%(param_1)s, %(param_2)s, %(param_3)s, %(param_4)s, %(param_5)s]) AND pg_catalog.pg_table_is_visible(pg_catalog.pg_class.oid) AND pg_catalog.pg_namespace.nspname != %(nspname_1)s
2025-11-17 11:59:24,379 | sqlalchemy.engine.Engine | INFO     | [generated in 0.00232s] {'table_name': 'organizations', 'param_1': 'r', 'param_2': 'p', 'param_3': 'f', 'param_4': 'v', 'param_5': 'm', 'nspname_1': 'pg_catalog'}
2025-11-17 11:59:24,383 | sqlalchemy.engine.Engine | INFO     | SELECT pg_catalog.pg_class.relname 
FROM pg_catalog.pg_class JOIN pg_catalog.pg_namespace ON pg_catalog.pg_namespace.oid = pg_catalog.pg_class.relnamespace 
WHERE pg_catalog.pg_class.relname = %(table_name)s AND pg_catalog.pg_class.relkind = ANY (ARRAY[%(param_1)s, %(param_2)s, %(param_3)s, %(param_4)s, %(param_5)s]) AND pg_catalog.pg_table_is_visible(pg_catalog.pg_class.oid) AND pg_catalog.pg_namespace.nspname != %(nspname_1)s
2025-11-17 11:59:24,389 | sqlalchemy.engine.Engine | INFO     | [cached since 0.01251s ago] {'table_name': 'users', 'param_1': 'r', 'param_2': 'p', 'param_3': 'f', 'param_4': 'v', 'param_5': 'm', 'nspname_1': 'pg_catalog'}
2025-11-17 11:59:24,394 | sqlalchemy.engine.Engine | INFO     | SELECT pg_catalog.pg_class.relname 
FROM pg_catalog.pg_class JOIN pg_catalog.pg_namespace ON pg_catalog.pg_namespace.oid = pg_catalog.pg_class.relnamespace 
WHERE pg_catalog.pg_class.relname = %(table_name)s AND pg_catalog.pg_class.relkind = ANY (ARRAY[%(param_1)s, %(param_2)s, %(param_3)s, %(param_4)s, %(param_5)s]) AND pg_catalog.pg_table_is_visible(pg_catalog.pg_class.oid) AND pg_catalog.pg_namespace.nspname != %(nspname_1)s
2025-11-17 11:59:24,394 | sqlalchemy.engine.Engine | INFO     | [cached since 0.01806s ago] {'table_name': 'role_permissions', 'param_1': 'r', 'param_2': 'p', 'param_3': 'f', 'param_4': 'v', 'param_5': 'm', 'nspname_1': 'pg_catalog'}
2025-11-17 11:59:24,397 | sqlalchemy.engine.Engine | INFO     | SELECT pg_catalog.pg_class.relname 
FROM pg_catalog.pg_class JOIN pg_catalog.pg_namespace ON pg_catalog.pg_namespace.oid = pg_catalog.pg_class.relnamespace 
WHERE pg_catalog.pg_class.relname = %(table_name)s AND pg_catalog.pg_class.relkind = ANY (ARRAY[%(param_1)s, %(param_2)s, %(param_3)s, %(param_4)s, %(param_5)s]) AND pg_catalog.pg_table_is_visible(pg_catalog.pg_class.oid) AND pg_catalog.pg_namespace.nspname != %(nspname_1)s
2025-11-17 11:59:24,397 | sqlalchemy.engine.Engine | INFO     | [cached since 0.02332s ago] {'table_name': 'vessel_info', 'param_1': 'r', 'param_2': 'p', 'param_3': 'f', 'param_4': 'v', 'param_5': 'm', 'nspname_1': 'pg_catalog'}
2025-11-17 11:59:24,404 | sqlalchemy.engine.Engine | INFO     | SELECT pg_catalog.pg_class.relname 
FROM pg_catalog.pg_class JOIN pg_catalog.pg_namespace ON pg_catalog.pg_namespace.oid = pg_catalog.pg_class.relnamespace 
WHERE pg_catalog.pg_class.relname = %(table_name)s AND pg_catalog.pg_class.relkind = ANY (ARRAY[%(param_1)s, %(param_2)s, %(param_3)s, %(param_4)s, %(param_5)s]) AND pg_catalog.pg_table_is_visible(pg_catalog.pg_class.oid) AND pg_catalog.pg_namespace.nspname != %(nspname_1)s
2025-11-17 11:59:24,404 | sqlalchemy.engine.Engine | INFO     | [cached since 0.02885s ago] {'table_name': 'shop_trial_session', 'param_1': 'r', 'param_2': 'p', 'param_3': 'f', 'param_4': 'v', 'param_5': 'm', 'nspname_1': 'pg_catalog'}
2025-11-17 11:59:24,410 | sqlalchemy.engine.Engine | INFO     | SELECT pg_catalog.pg_class.relname 
FROM pg_catalog.pg_class JOIN pg_catalog.pg_namespace ON pg_catalog.pg_namespace.oid = pg_catalog.pg_class.relnamespace 
WHERE pg_catalog.pg_class.relname = %(table_name)s AND pg_catalog.pg_class.relkind = ANY (ARRAY[%(param_1)s, %(param_2)s, %(param_3)s, %(param_4)s, %(param_5)s]) AND pg_catalog.pg_table_is_visible(pg_catalog.pg_class.oid) AND pg_catalog.pg_namespace.nspname != %(nspname_1)s
2025-11-17 11:59:24,411 | sqlalchemy.engine.Engine | INFO     | [cached since 0.03517s ago] {'table_name': 'shop_trial_performance_data', 'param_1': 'r', 'param_2': 'p', 'param_3': 'f', 'param_4': 'v', 'param_5': 'm', 'nspname_1': 'pg_catalog'}
2025-11-17 11:59:24,415 | sqlalchemy.engine.Engine | INFO     | SELECT pg_catalog.pg_class.relname 
FROM pg_catalog.pg_class JOIN pg_catalog.pg_namespace ON pg_catalog.pg_namespace.oid = pg_catalog.pg_class.relnamespace 
WHERE pg_catalog.pg_class.relname = %(table_name)s AND pg_catalog.pg_class.relkind = ANY (ARRAY[%(param_1)s, %(param_2)s, %(param_3)s, %(param_4)s, %(param_5)s]) AND pg_catalog.pg_table_is_visible(pg_catalog.pg_class.oid) AND pg_catalog.pg_namespace.nspname != %(nspname_1)s
2025-11-17 11:59:24,415 | sqlalchemy.engine.Engine | INFO     | [cached since 0.03955s ago] {'table_name': 'monthly_report_header', 'param_1': 'r', 'param_2': 'p', 'param_3': 'f', 'param_4': 'v', 'param_5': 'm', 'nspname_1': 'pg_catalog'}
2025-11-17 11:59:24,420 | sqlalchemy.engine.Engine | INFO     | SELECT pg_catalog.pg_class.relname 
FROM pg_catalog.pg_class JOIN pg_catalog.pg_namespace ON pg_catalog.pg_namespace.oid = pg_catalog.pg_class.relnamespace 
WHERE pg_catalog.pg_class.relname = %(table_name)s AND pg_catalog.pg_class.relkind = ANY (ARRAY[%(param_1)s, %(param_2)s, %(param_3)s, %(param_4)s, %(param_5)s]) AND pg_catalog.pg_table_is_visible(pg_catalog.pg_class.oid) AND pg_catalog.pg_namespace.nspname != %(nspname_1)s
2025-11-17 11:59:24,420 | sqlalchemy.engine.Engine | INFO     | [cached since 0.04522s ago] {'table_name': 'monthly_report_details_jsonb', 'param_1': 'r', 'param_2': 'p', 'param_3': 'f', 'param_4': 'v', 'param_5': 'm', 'nspname_1': 'pg_catalog'}
2025-11-17 11:59:24,425 | sqlalchemy.engine.Engine | INFO     | SELECT pg_catalog.pg_class.relname 
FROM pg_catalog.pg_class JOIN pg_catalog.pg_namespace ON pg_catalog.pg_namespace.oid = pg_catalog.pg_class.relnamespace 
WHERE pg_catalog.pg_class.relname = %(table_name)s AND pg_catalog.pg_class.relkind = ANY (ARRAY[%(param_1)s, %(param_2)s, %(param_3)s, %(param_4)s, %(param_5)s]) AND pg_catalog.pg_table_is_visible(pg_catalog.pg_class.oid) AND pg_catalog.pg_namespace.nspname != %(nspname_1)s
2025-11-17 11:59:24,429 | sqlalchemy.engine.Engine | INFO     | [cached since 0.05175s ago] {'table_name': 'monthly_iso_performance_data', 'param_1': 'r', 'param_2': 'p', 'param_3': 'f', 'param_4': 'v', 'param_5': 'm', 'nspname_1': 'pg_catalog'}
2025-11-17 11:59:24,432 | sqlalchemy.engine.Engine | INFO     | SELECT pg_catalog.pg_class.relname 
FROM pg_catalog.pg_class JOIN pg_catalog.pg_namespace ON pg_catalog.pg_namespace.oid = pg_catalog.pg_class.relnamespace 
WHERE pg_catalog.pg_class.relname = %(table_name)s AND pg_catalog.pg_class.relkind = ANY (ARRAY[%(param_1)s, %(param_2)s, %(param_3)s, %(param_4)s, %(param_5)s]) AND pg_catalog.pg_table_is_visible(pg_catalog.pg_class.oid) AND pg_catalog.pg_namespace.nspname != %(nspname_1)s
2025-11-17 11:59:24,432 | sqlalchemy.engine.Engine | INFO     | [cached since 0.05697s ago] {'table_name': 'baseline_performance_data', 'param_1': 'r', 'param_2': 'p', 'param_3': 'f', 'param_4': 'v', 'param_5': 'm', 'nspname_1': 'pg_catalog'}
2025-11-17 11:59:24,438 | sqlalchemy.engine.Engine | INFO     | SELECT pg_catalog.pg_class.relname 
FROM pg_catalog.pg_class JOIN pg_catalog.pg_namespace ON pg_catalog.pg_namespace.oid = pg_catalog.pg_class.relnamespace 
WHERE pg_catalog.pg_class.relname = %(table_name)s AND pg_catalog.pg_class.relkind = ANY (ARRAY[%(param_1)s, %(param_2)s, %(param_3)s, %(param_4)s, %(param_5)s]) AND pg_catalog.pg_table_is_visible(pg_catalog.pg_class.oid) AND pg_catalog.pg_namespace.nspname != %(nspname_1)s
2025-11-17 11:59:24,438 | sqlalchemy.engine.Engine | INFO     | [cached since 0.06239s ago] {'table_name': 'me_normal_status', 'param_1': 'r', 'param_2': 'p', 'param_3': 'f', 'param_4': 'v', 'param_5': 'm', 'nspname_1': 'pg_catalog'}
2025-11-17 11:59:24,443 | sqlalchemy.engine.Engine | INFO     | SELECT pg_catalog.pg_class.relname 
FROM pg_catalog.pg_class JOIN pg_catalog.pg_namespace ON pg_catalog.pg_namespace.oid = pg_catalog.pg_class.relnamespace 
WHERE pg_catalog.pg_class.relname = %(table_name)s AND pg_catalog.pg_class.relkind = ANY (ARRAY[%(param_1)s, %(param_2)s, %(param_3)s, %(param_4)s, %(param_5)s]) AND pg_catalog.pg_table_is_visible(pg_catalog.pg_class.oid) AND pg_catalog.pg_namespace.nspname != %(nspname_1)s
2025-11-17 11:59:24,443 | sqlalchemy.engine.Engine | INFO     | [cached since 0.067s ago] {'table_name': 'me_warning_alert', 'param_1': 'r', 'param_2': 'p', 'param_3': 'f', 'param_4': 'v', 'param_5': 'm', 'nspname_1': 'pg_catalog'}
2025-11-17 11:59:24,445 | sqlalchemy.engine.Engine | INFO     | SELECT pg_catalog.pg_class.relname 
FROM pg_catalog.pg_class JOIN pg_catalog.pg_namespace ON pg_catalog.pg_namespace.oid = pg_catalog.pg_class.relnamespace 
WHERE pg_catalog.pg_class.relname = %(table_name)s AND pg_catalog.pg_class.relkind = ANY (ARRAY[%(param_1)s, %(param_2)s, %(param_3)s, %(param_4)s, %(param_5)s]) AND pg_catalog.pg_table_is_visible(pg_catalog.pg_class.oid) AND pg_catalog.pg_namespace.nspname != %(nspname_1)s
2025-11-17 11:59:24,445 | sqlalchemy.engine.Engine | INFO     | [cached since 0.07101s ago] {'table_name': 'me_critical_alert', 'param_1': 'r', 'param_2': 'p', 'param_3': 'f', 'param_4': 'v', 'param_5': 'm', 'nspname_1': 'pg_catalog'}
2025-11-17 11:59:24,450 | sqlalchemy.engine.Engine | INFO     | SELECT pg_catalog.pg_class.relname 
FROM pg_catalog.pg_class JOIN pg_catalog.pg_namespace ON pg_catalog.pg_namespace.oid = pg_catalog.pg_class.relnamespace 
WHERE pg_catalog.pg_class.relname = %(table_name)s AND pg_catalog.pg_class.relkind = ANY (ARRAY[%(param_1)s, %(param_2)s, %(param_3)s, %(param_4)s, %(param_5)s]) AND pg_catalog.pg_table_is_visible(pg_catalog.pg_class.oid) AND pg_catalog.pg_namespace.nspname != %(nspname_1)s
2025-11-17 11:59:24,452 | sqlalchemy.engine.Engine | INFO     | [cached since 0.07546s ago] {'table_name': 'me_alert_summary', 'param_1': 'r', 'param_2': 'p', 'param_3': 'f', 'param_4': 'v', 'param_5': 'm', 'nspname_1': 'pg_catalog'}
2025-11-17 11:59:24,452 | sqlalchemy.engine.Engine | INFO     | SELECT pg_catalog.pg_class.relname 
FROM pg_catalog.pg_class JOIN pg_catalog.pg_namespace ON pg_catalog.pg_namespace.oid = pg_catalog.pg_class.relnamespace 
WHERE pg_catalog.pg_class.relname = %(table_name)s AND pg_catalog.pg_class.relkind = ANY (ARRAY[%(param_1)s, %(param_2)s, %(param_3)s, %(param_4)s, %(param_5)s]) AND pg_catalog.pg_table_is_visible(pg_catalog.pg_class.oid) AND pg_catalog.pg_namespace.nspname != %(nspname_1)s
2025-11-17 11:59:24,458 | sqlalchemy.engine.Engine | INFO     | [cached since 0.08121s ago] {'table_name': 'vessel_generator', 'param_1': 'r', 'param_2': 'p', 'param_3': 'f', 'param_4': 'v', 'param_5': 'm', 'nspname_1': 'pg_catalog'}
2025-11-17 11:59:24,462 | sqlalchemy.engine.Engine | INFO     | SELECT pg_catalog.pg_class.relname 
FROM pg_catalog.pg_class JOIN pg_catalog.pg_namespace ON pg_catalog.pg_namespace.oid = pg_catalog.pg_class.relnamespace 
WHERE pg_catalog.pg_class.relname = %(table_name)s AND pg_catalog.pg_class.relkind = ANY (ARRAY[%(param_1)s, %(param_2)s, %(param_3)s, %(param_4)s, %(param_5)s]) AND pg_catalog.pg_table_is_visible(pg_catalog.pg_class.oid) AND pg_catalog.pg_namespace.nspname != %(nspname_1)s
2025-11-17 11:59:24,462 | sqlalchemy.engine.Engine | INFO     | [cached since 0.08697s ago] {'table_name': 'generator_baseline_data', 'param_1': 'r', 'param_2': 'p', 'param_3': 'f', 'param_4': 'v', 'param_5': 'm', 'nspname_1': 'pg_catalog'}
2025-11-17 11:59:24,469 | sqlalchemy.engine.Engine | INFO     | SELECT pg_catalog.pg_class.relname 
FROM pg_catalog.pg_class JOIN pg_catalog.pg_namespace ON pg_catalog.pg_namespace.oid = pg_catalog.pg_class.relnamespace 
WHERE pg_catalog.pg_class.relname = %(table_name)s AND pg_catalog.pg_class.relkind = ANY (ARRAY[%(param_1)s, %(param_2)s, %(param_3)s, %(param_4)s, %(param_5)s]) AND pg_catalog.pg_table_is_visible(pg_catalog.pg_class.oid) AND pg_catalog.pg_namespace.nspname != %(nspname_1)s
2025-11-17 11:59:24,469 | sqlalchemy.engine.Engine | INFO     | [cached since 0.09339s ago] {'table_name': 'generator_monthly_report_header', 'param_1': 'r', 'param_2': 'p', 'param_3': 'f', 'param_4': 'v', 'param_5': 'm', 'nspname_1': 'pg_catalog'}
2025-11-17 11:59:24,473 | sqlalchemy.engine.Engine | INFO     | SELECT pg_catalog.pg_class.relname 
FROM pg_catalog.pg_class JOIN pg_catalog.pg_namespace ON pg_catalog.pg_namespace.oid = pg_catalog.pg_class.relnamespace 
WHERE pg_catalog.pg_class.relname = %(table_name)s AND pg_catalog.pg_class.relkind = ANY (ARRAY[%(param_1)s, %(param_2)s, %(param_3)s, %(param_4)s, %(param_5)s]) AND pg_catalog.pg_table_is_visible(pg_catalog.pg_class.oid) AND pg_catalog.pg_namespace.nspname != %(nspname_1)s
2025-11-17 11:59:24,475 | sqlalchemy.engine.Engine | INFO     | [cached since 0.09869s ago] {'table_name': 'generator_monthly_report_details_jsonb', 'param_1': 'r', 'param_2': 'p', 'param_3': 'f', 'param_4': 'v', 'param_5': 'm', 'nspname_1': 'pg_catalog'}
2025-11-17 11:59:24,478 | sqlalchemy.engine.Engine | INFO     | SELECT pg_catalog.pg_class.relname 
FROM pg_catalog.pg_class JOIN pg_catalog.pg_namespace ON pg_catalog.pg_namespace.oid = pg_catalog.pg_class.relnamespace 
WHERE pg_catalog.pg_class.relname = %(table_name)s AND pg_catalog.pg_class.relkind = ANY (ARRAY[%(param_1)s, %(param_2)s, %(param_3)s, %(param_4)s, %(param_5)s]) AND pg_catalog.pg_table_is_visible(pg_catalog.pg_class.oid) AND pg_catalog.pg_namespace.nspname != %(nspname_1)s
2025-11-17 11:59:24,478 | sqlalchemy.engine.Engine | INFO     | [cached since 0.1019s ago] {'table_name': 'generator_performance_graph_data', 'param_1': 'r', 'param_2': 'p', 'param_3': 'f', 'param_4': 'v', 'param_5': 'm', 'nspname_1': 'pg_catalog'}
2025-11-17 11:59:24,482 | sqlalchemy.engine.Engine | INFO     | SELECT pg_catalog.pg_class.relname 
FROM pg_catalog.pg_class JOIN pg_catalog.pg_namespace ON pg_catalog.pg_namespace.oid = pg_catalog.pg_class.relnamespace 
WHERE pg_catalog.pg_class.relname = %(table_name)s AND pg_catalog.pg_class.relkind = ANY (ARRAY[%(param_1)s, %(param_2)s, %(param_3)s, %(param_4)s, %(param_5)s]) AND pg_catalog.pg_table_is_visible(pg_catalog.pg_class.oid) AND pg_catalog.pg_namespace.nspname != %(nspname_1)s
2025-11-17 11:59:24,482 | sqlalchemy.engine.Engine | INFO     | [cached since 0.1057s ago] {'table_name': 'ae_normal_status', 'param_1': 'r', 'param_2': 'p', 'param_3': 'f', 'param_4': 'v', 'param_5': 'm', 'nspname_1': 'pg_catalog'}
2025-11-17 11:59:24,484 | sqlalchemy.engine.Engine | INFO     | SELECT pg_catalog.pg_class.relname 
FROM pg_catalog.pg_class JOIN pg_catalog.pg_namespace ON pg_catalog.pg_namespace.oid = pg_catalog.pg_class.relnamespace 
WHERE pg_catalog.pg_class.relname = %(table_name)s AND pg_catalog.pg_class.relkind = ANY (ARRAY[%(param_1)s, %(param_2)s, %(param_3)s, %(param_4)s, %(param_5)s]) AND pg_catalog.pg_table_is_visible(pg_catalog.pg_class.oid) AND pg_catalog.pg_namespace.nspname != %(nspname_1)s
2025-11-17 11:59:24,484 | sqlalchemy.engine.Engine | INFO     | [cached since 0.1086s ago] {'table_name': 'ae_warning_alert', 'param_1': 'r', 'param_2': 'p', 'param_3': 'f', 'param_4': 'v', 'param_5': 'm', 'nspname_1': 'pg_catalog'}
2025-11-17 11:59:24,487 | sqlalchemy.engine.Engine | INFO     | SELECT pg_catalog.pg_class.relname 
FROM pg_catalog.pg_class JOIN pg_catalog.pg_namespace ON pg_catalog.pg_namespace.oid = pg_catalog.pg_class.relnamespace 
WHERE pg_catalog.pg_class.relname = %(table_name)s AND pg_catalog.pg_class.relkind = ANY (ARRAY[%(param_1)s, %(param_2)s, %(param_3)s, %(param_4)s, %(param_5)s]) AND pg_catalog.pg_table_is_visible(pg_catalog.pg_class.oid) AND pg_catalog.pg_namespace.nspname != %(nspname_1)s
2025-11-17 11:59:24,487 | sqlalchemy.engine.Engine | INFO     | [cached since 0.1125s ago] {'table_name': 'ae_critical_alert', 'param_1': 'r', 'param_2': 'p', 'param_3': 'f', 'param_4': 'v', 'param_5': 'm', 'nspname_1': 'pg_catalog'}
2025-11-17 11:59:24,492 | sqlalchemy.engine.Engine | INFO     | SELECT pg_catalog.pg_class.relname 
FROM pg_catalog.pg_class JOIN pg_catalog.pg_namespace ON pg_catalog.pg_namespace.oid = pg_catalog.pg_class.relnamespace 
WHERE pg_catalog.pg_class.relname = %(table_name)s AND pg_catalog.pg_class.relkind = ANY (ARRAY[%(param_1)s, %(param_2)s, %(param_3)s, %(param_4)s, %(param_5)s]) AND pg_catalog.pg_table_is_visible(pg_catalog.pg_class.oid) AND pg_catalog.pg_namespace.nspname != %(nspname_1)s
2025-11-17 11:59:24,492 | sqlalchemy.engine.Engine | INFO     | [cached since 0.1164s ago] {'table_name': 'ae_alert_summary', 'param_1': 'r', 'param_2': 'p', 'param_3': 'f', 'param_4': 'v', 'param_5': 'm', 'nspname_1': 'pg_catalog'}
2025-11-17 11:59:24,496 | sqlalchemy.engine.Engine | INFO     | COMMIT
2025-11-17 11:59:24,496 | app.database         | INFO     | ✅ All tables created successfully!
2025-11-17 11:59:24,545 | sqlalchemy.engine.Engine | INFO     | BEGIN (implicit)
2025-11-17 11:59:24,545 | sqlalchemy.engine.Engine | INFO     | SELECT count(*) AS count_1 
FROM (SELECT role_permissions.id AS role_permissions_id, role_permissions.role AS role_permissions_role, role_permissions.can_view_performance AS role_permissions_can_view_performance, role_permissions.can_manage_users AS role_permissions_can_manage_users, role_permissions.can_edit_reports AS role_permissions_can_edit_reports, role_permissions.can_access_admin_page AS role_permissions_can_access_admin_page 
FROM role_permissions) AS anon_1
2025-11-17 11:59:24,545 | sqlalchemy.engine.Engine | INFO     | [generated in 0.00071s] {}
2025-11-17 11:59:24,562 | sqlalchemy.engine.Engine | INFO     | SELECT count(*) AS count_1 
FROM (SELECT organizations.id AS organizations_id, organizations.name AS organizations_name, organizations.domain AS organizations_domain, organizations.is_active AS organizations_is_active, organizations.created_at AS organizations_created_at 
FROM organizations) AS anon_1
2025-11-17 11:59:24,569 | sqlalchemy.engine.Engine | INFO     | [generated in 0.00097s] {}
2025-11-17 11:59:24,569 | sqlalchemy.engine.Engine | INFO     | ROLLBACK
2025-11-17 11:59:24,577 | sqlalchemy.engine.Engine | INFO     | BEGIN (implicit)
2025-11-17 11:59:24,577 | sqlalchemy.engine.Engine | INFO     | ALTER TABLE vessel_info ADD COLUMN IF NOT EXISTS csr_power_kw NUMERIC(8, 2) NULL
2025-11-17 11:59:24,582 | sqlalchemy.engine.Engine | INFO     | [generated in 0.00245s] {}
2025-11-17 11:59:24,584 | app.database         | INFO     | ✅ Migration applied: added column csr_power_kw to vessel_info
2025-11-17 11:59:24,584 | sqlalchemy.engine.Engine | INFO     | COMMENT ON COLUMN vessel_info.csr_power_kw IS 'Contracted Service Rating Power (kW) from STR.'
2025-11-17 11:59:24,584 | sqlalchemy.engine.Engine | INFO     | [generated in 0.00128s] {}
2025-11-17 11:59:24,589 | app.database         | INFO     | ✅ Migration applied: added comment for csr_power_kw
2025-11-17 11:59:24,589 | sqlalchemy.engine.Engine | INFO     | ALTER TABLE vessel_info ADD COLUMN IF NOT EXISTS barred_speed_rpm_start NUMERIC(6, 2) NULL
2025-11-17 11:59:24,591 | sqlalchemy.engine.Engine | INFO     | [generated in 0.00072s] {}
2025-11-17 11:59:24,591 | app.database         | INFO     | ✅ Migration applied: added column barred_speed_rpm_start to vessel_info
2025-11-17 11:59:24,594 | sqlalchemy.engine.Engine | INFO     | COMMENT ON COLUMN vessel_info.barred_speed_rpm_start IS 'Start of the main engine barred speed range (rpm) from TVC.'
2025-11-17 11:59:24,595 | sqlalchemy.engine.Engine | INFO     | [generated in 0.00106s] {}
2025-11-17 11:59:24,596 | app.database         | INFO     | ✅ Migration applied: added comment for barred_speed_rpm_start
2025-11-17 11:59:24,596 | sqlalchemy.engine.Engine | INFO     | ALTER TABLE vessel_info ADD COLUMN IF NOT EXISTS barred_speed_rpm_end NUMERIC(6, 2) NULL
2025-11-17 11:59:24,597 | sqlalchemy.engine.Engine | INFO     | [generated in 0.00068s] {}
2025-11-17 11:59:24,599 | app.database         | INFO     | ✅ Migration applied: added column barred_speed_rpm_end to vessel_info
2025-11-17 11:59:24,600 | sqlalchemy.engine.Engine | INFO     | COMMENT ON COLUMN vessel_info.barred_speed_rpm_end IS 'End of the main engine barred speed range (rpm) from TVC.'
2025-11-17 11:59:24,600 | sqlalchemy.engine.Engine | INFO     | [generated in 0.00105s] {}
2025-11-17 11:59:24,601 | app.database         | INFO     | ✅ Migration applied: added comment for barred_speed_rpm_end
2025-11-17 11:59:24,601 | sqlalchemy.engine.Engine | INFO     | COMMIT
2025-11-17 11:59:24,631 | sqlalchemy.engine.Engine | INFO     | BEGIN (implicit)
2025-11-17 11:59:24,634 | sqlalchemy.engine.Engine | INFO     | ALTER TABLE monthly_report_header ALTER COLUMN barometric_pressure_mmh2o TYPE numeric(8,3)
2025-11-17 11:59:24,636 | sqlalchemy.engine.Engine | INFO     | [generated in 0.00321s] {}
2025-11-17 11:59:24,636 | sqlalchemy.engine.Engine | INFO     | COMMIT
2025-11-17 11:59:24,642 | app.database         | INFO     | ✅ Migration applied: widened barometric_pressure_mmh2o to numeric(8,3)
2025-11-17 11:59:24,642 | sqlalchemy.engine.Engine | INFO     | BEGIN (implicit)
2025-11-17 11:59:24,644 | sqlalchemy.engine.Engine | INFO     | ALTER TABLE monthly_report_header ADD COLUMN IF NOT EXISTS fo_consumption_mt_hr numeric(6,3) NULL
2025-11-17 11:59:24,645 | sqlalchemy.engine.Engine | INFO     | [generated in 0.00205s] {}
2025-11-17 11:59:24,647 | sqlalchemy.engine.Engine | INFO     | COMMIT
2025-11-17 11:59:24,651 | app.database         | INFO     | ✅ Migration applied: added fo_consumption_mt_hr to monthly_report_header
2025-11-17 11:59:24,652 | sqlalchemy.engine.Engine | INFO     | BEGIN (implicit)
2025-11-17 11:59:24,652 | sqlalchemy.engine.Engine | INFO     | ALTER TABLE monthly_report_header ADD COLUMN IF NOT EXISTS fuel_injection_pump_index_mm numeric(6,1) NULL
2025-11-17 11:59:24,654 | sqlalchemy.engine.Engine | INFO     | [generated in 0.00203s] {}
2025-11-17 11:59:24,654 | sqlalchemy.engine.Engine | INFO     | COMMIT
2025-11-17 11:59:24,659 | app.database         | INFO     | ✅ Migration applied: added fuel_injection_pump_index_mm to monthly_report_header
2025-11-17 11:59:24,660 | sqlalchemy.engine.Engine | INFO     | BEGIN (implicit)
2025-11-17 11:59:24,661 | sqlalchemy.engine.Engine | INFO     | ALTER TABLE monthly_report_header ADD COLUMN IF NOT EXISTS exh_temp_cylinder_outlet_ave_c numeric(5,1) NULL
2025-11-17 11:59:24,661 | sqlalchemy.engine.Engine | INFO     | [generated in 0.00194s] {}
2025-11-17 11:59:24,663 | sqlalchemy.engine.Engine | INFO     | COMMIT
2025-11-17 11:59:24,667 | app.database         | INFO     | ✅ Migration applied: added exh_temp_cylinder_outlet_ave_c to monthly_report_header
2025-11-17 11:59:24,668 | sqlalchemy.engine.Engine | INFO     | BEGIN (implicit)
2025-11-17 11:59:24,668 | sqlalchemy.engine.Engine | INFO     | ALTER TABLE vessel_info ALTER COLUMN vessel_id DROP NOT NULL
2025-11-17 11:59:24,670 | sqlalchemy.engine.Engine | INFO     | [generated in 0.00234s] {}
2025-11-17 11:59:24,670 | sqlalchemy.engine.Engine | INFO     | COMMIT
2025-11-17 11:59:24,675 | app.database         | INFO     | ✅ Migration applied: vessel_info.vessel_id set to NULLABLE
2025-11-17 11:59:24,675 | sqlalchemy.engine.Engine | INFO     | BEGIN (implicit)
2025-11-17 11:59:24,675 | sqlalchemy.engine.Engine | INFO     | ALTER TABLE users ADD COLUMN IF NOT EXISTS permissions JSONB NULL
2025-11-17 11:59:24,675 | sqlalchemy.engine.Engine | INFO     | [generated in 0.00254s] {}
2025-11-17 11:59:24,680 | sqlalchemy.engine.Engine | INFO     | COMMIT
2025-11-17 11:59:24,681 | app.database         | INFO     | ✅ Migration applied: added permissions column to users
2025-11-17 11:59:24,681 | sqlalchemy.engine.Engine | INFO     | BEGIN (implicit)
2025-11-17 11:59:24,684 | sqlalchemy.engine.Engine | INFO     | ALTER TABLE users ADD COLUMN IF NOT EXISTS password_hash VARCHAR NULL
2025-11-17 11:59:24,684 | sqlalchemy.engine.Engine | INFO     | [generated in 0.00190s] {}
2025-11-17 11:59:24,686 | sqlalchemy.engine.Engine | INFO     | COMMIT
2025-11-17 11:59:24,688 | app.database         | INFO     | ✅ Migration applied: added password_hash column to users
2025-11-17 11:59:24,688 | sqlalchemy.engine.Engine | INFO     | BEGIN (implicit)
2025-11-17 11:59:24,688 | sqlalchemy.engine.Engine | INFO     | ALTER TABLE users ADD COLUMN IF NOT EXISTS created_by VARCHAR NULL
2025-11-17 11:59:24,690 | sqlalchemy.engine.Engine | INFO     | [generated in 0.00220s] {}
2025-11-17 11:59:24,693 | sqlalchemy.engine.Engine | INFO     | COMMIT
2025-11-17 11:59:24,695 | app.database         | INFO     | ✅ Migration applied: added created_by column to users
2025-11-17 11:59:24,695 | sqlalchemy.engine.Engine | INFO     | BEGIN (implicit)
2025-11-17 11:59:24,695 | sqlalchemy.engine.Engine | INFO     | SELECT pg_catalog.pg_class.relname 
FROM pg_catalog.pg_class JOIN pg_catalog.pg_namespace ON pg_catalog.pg_namespace.oid = pg_catalog.pg_class.relnamespace 
WHERE pg_catalog.pg_class.relkind = ANY (ARRAY[%(param_1)s, %(param_2)s]) AND pg_catalog.pg_class.relpersistence != %(relpersistence_1)s AND pg_catalog.pg_table_is_visible(pg_catalog.pg_class.oid) AND pg_catalog.pg_namespace.nspname != %(nspname_1)s
2025-11-17 11:59:24,695 | sqlalchemy.engine.Engine | INFO     | [generated in 0.00116s] {'param_1': 'r', 'param_2': 'p', 'relpersistence_1': 't', 'nspname_1': 'pg_catalog'}
2025-11-17 11:59:24,709 | sqlalchemy.engine.Engine | INFO     | SELECT pg_catalog.pg_attribute.attname AS name, pg_catalog.format_type(pg_catalog.pg_attribute.atttypid, pg_catalog.pg_attribute.atttypmod) AS format_type, (SELECT pg_catalog.pg_get_expr(pg_catalog.pg_attrdef.adbin, pg_catalog.pg_attrdef.adrelid) AS pg_get_expr_1 
FROM pg_catalog.pg_attrdef 
WHERE pg_catalog.pg_attrdef.adrelid = pg_catalog.pg_attribute.attrelid AND pg_catalog.pg_attrdef.adnum = pg_catalog.pg_attribute.attnum AND pg_catalog.pg_attribute.atthasdef) AS "default", pg_catalog.pg_attribute.attnotnull AS not_null, pg_catalog.pg_class.relname AS table_name, pg_catalog.pg_description.description AS comment, pg_catalog.pg_attribute.attgenerated AS generated, (SELECT json_build_object(%(json_build_object_2)s, pg_catalog.pg_attribute.attidentity = %(attidentity_1)s, %(json_build_object_3)s, pg_catalog.pg_sequence.seqstart, %(json_build_object_4)s, pg_catalog.pg_sequence.seqincrement, %(json_build_object_5)s, pg_catalog.pg_sequence.seqmin, %(json_build_object_6)s, pg_catalog.pg_sequence.seqmax, %(json_build_object_7)s, pg_catalog.pg_sequence.seqcache, %(json_build_object_8)s, pg_catalog.pg_sequence.seqcycle) AS json_build_object_1 
FROM pg_catalog.pg_sequence 
WHERE pg_catalog.pg_attribute.attidentity != %(attidentity_2)s AND pg_catalog.pg_sequence.seqrelid = CAST(CAST(pg_catalog.pg_get_serial_sequence(CAST(CAST(pg_catalog.pg_attribute.attrelid AS REGCLASS) AS TEXT), pg_catalog.pg_attribute.attname) AS REGCLASS) AS OID)) AS identity_options 
FROM pg_catalog.pg_class LEFT OUTER JOIN pg_catalog.pg_attribute ON pg_catalog.pg_class.oid = pg_catalog.pg_attribute.attrelid AND pg_catalog.pg_attribute.attnum > %(attnum_1)s AND NOT pg_catalog.pg_attribute.attisdropped LEFT OUTER JOIN pg_catalog.pg_description ON pg_catalog.pg_description.objoid = pg_catalog.pg_attribute.attrelid AND pg_catalog.pg_description.objsubid = pg_catalog.pg_attribute.attnum JOIN pg_catalog.pg_namespace ON pg_catalog.pg_namespace.oid = pg_catalog.pg_class.relnamespace 
WHERE pg_catalog.pg_class.relkind = ANY (ARRAY[%(param_1)s, %(param_2)s, %(param_3)s]) AND pg_catalog.pg_table_is_visible(pg_catalog.pg_class.oid) AND pg_catalog.pg_namespace.nspname != %(nspname_1)s AND pg_catalog.pg_class.relname IN (%(filter_names_1)s, %(filter_names_2)s, %(filter_names_3)s, %(filter_names_4)s, %(filter_names_5)s, %(filter_names_6)s, %(filter_names_7)s, %(filter_names_8)s, %(filter_names_9)s, %(filter_names_10)s, %(filter_names_11)s, %(filter_names_12)s, %(filter_names_13)s, %(filter_names_14)s, %(filter_names_15)s, %(filter_names_16)s, %(filter_names_17)s, %(filter_names_18)s, %(filter_names_19)s, %(filter_names_20)s, %(filter_names_21)s, %(filter_names_22)s, %(filter_names_23)s) ORDER BY pg_catalog.pg_class.relname, pg_catalog.pg_attribute.attnum
2025-11-17 11:59:24,709 | sqlalchemy.engine.Engine | INFO     | [generated in 0.00169s] {'json_build_object_2': 'always', 'attidentity_1': 'a', 'json_build_object_3': 'start', 'json_build_object_4': 'increment', 'json_build_object_5': 'minvalue', 'json_build_object_6': 'maxvalue', 'json_build_object_7': 'cache', 'json_build_object_8': 'cycle', 'attidentity_2': '', 'attnum_1': 0, 'param_1': 'r', 'param_2': 'p', 'param_3': 'f', 'nspname_1': 'pg_catalog', 'filter_names_1': 'role_permissions', 'filter_names_2': 'me_normal_status', 'filter_names_3': 'me_warning_alert', 'filter_names_4': 'me_critical_alert', 'filter_names_5': 'organizations', 'filter_names_6': 'users', 'filter_names_7': 'vessel_info', 'filter_names_8': 'shop_trial_session', 'filter_names_9': 'monthly_report_header', 'filter_names_10': 'baseline_performance_data', 'filter_names_11': 'vessel_generator', 'filter_names_12': 'generator_baseline_data', 'filter_names_13': 'shop_trial_performance_data', 'filter_names_14': 'monthly_report_details_jsonb', 'filter_names_15': 'monthly_iso_performance_data', 'filter_names_16': 'me_alert_summary', 'filter_names_17': 'generator_monthly_report_header', 'filter_names_18': 'generator_monthly_report_details_jsonb', 'filter_names_19': 'generator_performance_graph_data', 'filter_names_20': 'ae_normal_status', 'filter_names_21': 'ae_warning_alert', 'filter_names_22': 'ae_critical_alert', 'filter_names_23': 'ae_alert_summary'}
2025-11-17 11:59:24,750 | sqlalchemy.engine.Engine | INFO     | SELECT pg_catalog.pg_type.typname AS name, pg_catalog.format_type(pg_catalog.pg_type.typbasetype, pg_catalog.pg_type.typtypmod) AS attype, NOT pg_catalog.pg_type.typnotnull AS nullable, pg_catalog.pg_type.typdefault AS "default", pg_catalog.pg_type_is_visible(pg_catalog.pg_type.oid) AS visible, pg_catalog.pg_namespace.nspname AS schema, domain_constraints.condefs, domain_constraints.connames, pg_catalog.pg_collation.collname 
FROM pg_catalog.pg_type JOIN pg_catalog.pg_namespace ON pg_catalog.pg_namespace.oid = pg_catalog.pg_type.typnamespace LEFT OUTER JOIN pg_catalog.pg_collation ON pg_catalog.pg_type.typcollation = pg_catalog.pg_collation.oid LEFT OUTER JOIN (SELECT pg_catalog.pg_constraint.contypid AS contypid, array_agg(pg_catalog.pg_get_constraintdef(pg_catalog.pg_constraint.oid, %(pg_get_constraintdef_1)s)) AS condefs, array_agg(CAST(pg_catalog.pg_constraint.conname AS TEXT)) AS connames 
FROM pg_catalog.pg_constraint 
WHERE pg_catalog.pg_constraint.contypid != %(contypid_1)s GROUP BY pg_catalog.pg_constraint.contypid) AS domain_constraints ON pg_catalog.pg_type.oid = domain_constraints.contypid 
WHERE pg_catalog.pg_type.typtype = %(typtype_1)s ORDER BY pg_catalog.pg_namespace.nspname, pg_catalog.pg_type.typname
2025-11-17 11:59:24,750 | sqlalchemy.engine.Engine | INFO     | [generated in 0.00189s] {'pg_get_constraintdef_1': True, 'contypid_1': 0, 'typtype_1': 'd'}
2025-11-17 11:59:24,767 | sqlalchemy.engine.Engine | INFO     | SELECT pg_catalog.pg_type.typname AS name, pg_catalog.pg_type_is_visible(pg_catalog.pg_type.oid) AS visible, pg_catalog.pg_namespace.nspname AS schema, lbl_agg.labels AS labels 
FROM pg_catalog.pg_type JOIN pg_catalog.pg_namespace ON pg_catalog.pg_namespace.oid = pg_catalog.pg_type.typnamespace LEFT OUTER JOIN (SELECT pg_catalog.pg_enum.enumtypid AS enumtypid, array_agg(CAST(pg_catalog.pg_enum.enumlabel AS TEXT) ORDER BY pg_catalog.pg_enum.enumsortorder) AS labels 
FROM pg_catalog.pg_enum GROUP BY pg_catalog.pg_enum.enumtypid) AS lbl_agg ON pg_catalog.pg_type.oid = lbl_agg.enumtypid 
WHERE pg_catalog.pg_type.typtype = %(typtype_1)s ORDER BY pg_catalog.pg_namespace.nspname, pg_catalog.pg_type.typname
2025-11-17 11:59:24,767 | sqlalchemy.engine.Engine | INFO     | [generated in 0.00123s] {'typtype_1': 'e'}
2025-11-17 11:59:24,778 | sqlalchemy.engine.Engine | INFO     | SELECT pg_catalog.pg_class.oid, pg_catalog.pg_class.relname 
FROM pg_catalog.pg_class JOIN pg_catalog.pg_namespace ON pg_catalog.pg_namespace.oid = pg_catalog.pg_class.relnamespace 
WHERE pg_catalog.pg_class.relkind = ANY (ARRAY[%(param_1)s, %(param_2)s, %(param_3)s]) AND pg_catalog.pg_table_is_visible(pg_catalog.pg_class.oid) AND pg_catalog.pg_namespace.nspname != %(nspname_1)s AND pg_catalog.pg_class.relname IN (%(filter_names_1)s, %(filter_names_2)s, %(filter_names_3)s, %(filter_names_4)s, %(filter_names_5)s, %(filter_names_6)s, %(filter_names_7)s, %(filter_names_8)s, %(filter_names_9)s, %(filter_names_10)s, %(filter_names_11)s, %(filter_names_12)s, %(filter_names_13)s, %(filter_names_14)s, %(filter_names_15)s, %(filter_names_16)s, %(filter_names_17)s, %(filter_names_18)s, %(filter_names_19)s, %(filter_names_20)s, %(filter_names_21)s, %(filter_names_22)s, %(filter_names_23)s)
2025-11-17 11:59:24,784 | sqlalchemy.engine.Engine | INFO     | [generated in 0.00124s] {'param_1': 'r', 'param_2': 'p', 'param_3': 'f', 'nspname_1': 'pg_catalog', 'filter_names_1': 'role_permissions', 'filter_names_2': 'me_normal_status', 'filter_names_3': 'me_warning_alert', 'filter_names_4': 'me_critical_alert', 'filter_names_5': 'organizations', 'filter_names_6': 'users', 'filter_names_7': 'vessel_info', 'filter_names_8': 'shop_trial_session', 'filter_names_9': 'monthly_report_header', 'filter_names_10': 'baseline_performance_data', 'filter_names_11': 'vessel_generator', 'filter_names_12': 'generator_baseline_data', 'filter_names_13': 'shop_trial_performance_data', 'filter_names_14': 'monthly_report_details_jsonb', 'filter_names_15': 'monthly_iso_performance_data', 'filter_names_16': 'me_alert_summary', 'filter_names_17': 'generator_monthly_report_header', 'filter_names_18': 'generator_monthly_report_details_jsonb', 'filter_names_19': 'generator_performance_graph_data', 'filter_names_20': 'ae_normal_status', 'filter_names_21': 'ae_warning_alert', 'filter_names_22': 'ae_critical_alert', 'filter_names_23': 'ae_alert_summary'}
2025-11-17 11:59:24,795 | sqlalchemy.engine.Engine | INFO     | SELECT attr.conrelid, array_agg(CAST(attr.attname AS TEXT) ORDER BY attr.ord) AS cols, attr.conname, min(attr.description) AS description, min(attr.indnkeyatts) AS indnkeyatts, bool_and(attr.indnullsnotdistinct) AS indnullsnotdistinct 
FROM (SELECT con.conrelid AS conrelid, con.conname AS conname, con.description AS description, con.ord AS ord, con.indnkeyatts AS indnkeyatts, con.indnullsnotdistinct AS indnullsnotdistinct, pg_catalog.pg_attribute.attname AS attname 
FROM pg_catalog.pg_attribute JOIN (SELECT pg_catalog.pg_constraint.conrelid AS conrelid, pg_catalog.pg_constraint.conname AS conname, unnest(pg_catalog.pg_index.indkey) AS attnum, generate_subscripts(pg_catalog.pg_index.indkey, %(generate_subscripts_1)s) AS ord, pg_catalog.pg_index.indnkeyatts AS indnkeyatts, pg_catalog.pg_index.indnullsnotdistinct AS indnullsnotdistinct, pg_catalog.pg_description.description AS description 
FROM pg_catalog.pg_constraint JOIN pg_catalog.pg_index ON pg_catalog.pg_constraint.conindid = pg_catalog.pg_index.indexrelid LEFT OUTER JOIN pg_catalog.pg_description ON pg_catalog.pg_description.objoid = pg_catalog.pg_constraint.oid 
WHERE pg_catalog.pg_constraint.contype = %(contype)s AND pg_catalog.pg_constraint.conrelid IN (%(oids_1)s, %(oids_2)s, %(oids_3)s, %(oids_4)s, %(oids_5)s, %(oids_6)s, %(oids_7)s, %(oids_8)s, %(oids_9)s, %(oids_10)s, %(oids_11)s, %(oids_12)s, %(oids_13)s, %(oids_14)s, %(oids_15)s, %(oids_16)s, %(oids_17)s, %(oids_18)s, %(oids_19)s, %(oids_20)s, %(oids_21)s, %(oids_22)s, %(oids_23)s)) AS con ON pg_catalog.pg_attribute.attnum = con.attnum AND pg_catalog.pg_attribute.attrelid = con.conrelid 
WHERE con.conrelid IN (%(oids_1)s, %(oids_2)s, %(oids_3)s, %(oids_4)s, %(oids_5)s, %(oids_6)s, %(oids_7)s, %(oids_8)s, %(oids_9)s, %(oids_10)s, %(oids_11)s, %(oids_12)s, %(oids_13)s, %(oids_14)s, %(oids_15)s, %(oids_16)s, %(oids_17)s, %(oids_18)s, %(oids_19)s, %(oids_20)s, %(oids_21)s, %(oids_22)s, %(oids_23)s)) AS attr GROUP BY attr.conrelid, attr.conname ORDER BY attr.conrelid, attr.conname
2025-11-17 11:59:24,795 | sqlalchemy.engine.Engine | INFO     | [generated in 0.00118s] {'generate_subscripts_1': 1, 'contype': 'p', 'oids_1': 16487, 'oids_2': 16515, 'oids_3': 16523, 'oids_4': 16531, 'oids_5': 16474, 'oids_6': 16539, 'oids_7': 16555, 'oids_8': 16498, 'oids_9': 16576, 'oids_10': 16597, 'oids_11': 16615, 'oids_12': 16631, 'oids_13': 16648, 'oids_14': 16668, 'oids_15': 16686, 'oids_16': 16710, 'oids_17': 16733, 'oids_18': 16750, 'oids_19': 16766, 'oids_20': 16780, 'oids_21': 16799, 'oids_22': 16818, 'oids_23': 16837}
2025-11-17 11:59:24,814 | sqlalchemy.engine.Engine | INFO     | SELECT pg_catalog.pg_class.relname, pg_catalog.pg_constraint.conname, CASE WHEN (pg_catalog.pg_constraint.oid IS NOT NULL) THEN pg_catalog.pg_get_constraintdef(pg_catalog.pg_constraint.oid, %(pg_get_constraintdef_1)s) END AS anon_1, nsp_ref.nspname, pg_catalog.pg_description.description 
FROM pg_catalog.pg_class LEFT OUTER JOIN pg_catalog.pg_constraint ON pg_catalog.pg_class.oid = pg_catalog.pg_constraint.conrelid AND pg_catalog.pg_constraint.contype = %(contype_1)s LEFT OUTER JOIN pg_catalog.pg_class AS cls_ref ON cls_ref.oid = pg_catalog.pg_constraint.confrelid LEFT OUTER JOIN pg_catalog.pg_namespace AS nsp_ref ON cls_ref.relnamespace = nsp_ref.oid LEFT OUTER JOIN pg_catalog.pg_description ON pg_catalog.pg_description.objoid = pg_catalog.pg_constraint.oid JOIN pg_catalog.pg_namespace ON pg_catalog.pg_namespace.oid = pg_catalog.pg_class.relnamespace 
WHERE pg_catalog.pg_class.relkind = ANY (ARRAY[%(param_1)s, %(param_2)s, %(param_3)s]) AND pg_catalog.pg_table_is_visible(pg_catalog.pg_class.oid) AND pg_catalog.pg_namespace.nspname != %(nspname_1)s AND pg_catalog.pg_class.relname IN (%(filter_names_1)s, %(filter_names_2)s, %(filter_names_3)s, %(filter_names_4)s, %(filter_names_5)s, %(filter_names_6)s, %(filter_names_7)s, %(filter_names_8)s, %(filter_names_9)s, %(filter_names_10)s, %(filter_names_11)s, %(filter_names_12)s, %(filter_names_13)s, %(filter_names_14)s, %(filter_names_15)s, %(filter_names_16)s, %(filter_names_17)s, %(filter_names_18)s, %(filter_names_19)s, %(filter_names_20)s, %(filter_names_21)s, %(filter_names_22)s, %(filter_names_23)s) ORDER BY pg_catalog.pg_class.relname, pg_catalog.pg_constraint.conname
2025-11-17 11:59:24,814 | sqlalchemy.engine.Engine | INFO     | [generated in 0.00146s] {'pg_get_constraintdef_1': True, 'contype_1': 'f', 'param_1': 'r', 'param_2': 'p', 'param_3': 'f', 'nspname_1': 'pg_catalog', 'filter_names_1': 'role_permissions', 'filter_names_2': 'me_normal_status', 'filter_names_3': 'me_warning_alert', 'filter_names_4': 'me_critical_alert', 'filter_names_5': 'organizations', 'filter_names_6': 'users', 'filter_names_7': 'vessel_info', 'filter_names_8': 'shop_trial_session', 'filter_names_9': 'monthly_report_header', 'filter_names_10': 'baseline_performance_data', 'filter_names_11': 'vessel_generator', 'filter_names_12': 'generator_baseline_data', 'filter_names_13': 'shop_trial_performance_data', 'filter_names_14': 'monthly_report_details_jsonb', 'filter_names_15': 'monthly_iso_performance_data', 'filter_names_16': 'me_alert_summary', 'filter_names_17': 'generator_monthly_report_header', 'filter_names_18': 'generator_monthly_report_details_jsonb', 'filter_names_19': 'generator_performance_graph_data', 'filter_names_20': 'ae_normal_status', 'filter_names_21': 'ae_warning_alert', 'filter_names_22': 'ae_critical_alert', 'filter_names_23': 'ae_alert_summary'}
2025-11-17 11:59:24,835 | sqlalchemy.engine.Engine | INFO     | SELECT pg_catalog.pg_index.indrelid, pg_catalog.pg_class.relname, pg_catalog.pg_index.indisunique, pg_catalog.pg_constraint.conrelid IS NOT NULL AS has_constraint, pg_catalog.pg_index.indoption, pg_catalog.pg_class.reloptions, pg_catalog.pg_am.amname, CASE WHEN (pg_catalog.pg_index.indpred IS NOT NULL) THEN pg_catalog.pg_get_expr(pg_catalog.pg_index.indpred, pg_catalog.pg_index.indrelid) END AS filter_definition, pg_catalog.pg_index.indnkeyatts, pg_catalog.pg_index.indnullsnotdistinct, idx_cols.elements, idx_cols.elements_is_expr, idx_cols.elements_opclass, idx_cols.elements_opdefault 
FROM pg_catalog.pg_index JOIN pg_catalog.pg_class ON pg_catalog.pg_index.indexrelid = pg_catalog.pg_class.oid JOIN pg_catalog.pg_am ON pg_catalog.pg_class.relam = pg_catalog.pg_am.oid LEFT OUTER JOIN (SELECT idx_attr.indexrelid AS indexrelid, min(idx_attr.indrelid) AS min_1, array_agg(idx_attr.element ORDER BY idx_attr.ord) AS elements, array_agg(idx_attr.is_expr ORDER BY idx_attr.ord) AS elements_is_expr, array_agg(idx_attr.opcname ORDER BY idx_attr.ord) AS elements_opclass, array_agg(idx_attr.opcdefault ORDER BY idx_attr.ord) AS elements_opdefault 
FROM (SELECT idx.indexrelid AS indexrelid, idx.indrelid AS indrelid, idx.ord AS ord, CASE WHEN (idx.attnum = %(attnum_1)s) THEN pg_catalog.pg_get_indexdef(idx.indexrelid, idx.ord + %(ord_1)s, %(pg_get_indexdef_1)s) ELSE CAST(pg_catalog.pg_attribute.attname AS TEXT) END AS element, idx.attnum = %(attnum_2)s AS is_expr, pg_catalog.pg_opclass.opcname AS opcname, pg_catalog.pg_opclass.opcdefault AS opcdefault 
FROM (SELECT pg_catalog.pg_index.indexrelid AS indexrelid, pg_catalog.pg_index.indrelid AS indrelid, unnest(pg_catalog.pg_index.indkey) AS attnum, unnest(pg_catalog.pg_index.indclass) AS att_opclass, generate_subscripts(pg_catalog.pg_index.indkey, %(generate_subscripts_1)s) AS ord 
FROM pg_catalog.pg_index 
WHERE NOT pg_catalog.pg_index.indisprimary AND pg_catalog.pg_index.indrelid IN (%(oids_1)s, %(oids_2)s, %(oids_3)s, %(oids_4)s, %(oids_5)s, %(oids_6)s, %(oids_7)s, %(oids_8)s, %(oids_9)s, %(oids_10)s, %(oids_11)s, %(oids_12)s, %(oids_13)s, %(oids_14)s, %(oids_15)s, %(oids_16)s, %(oids_17)s, %(oids_18)s, %(oids_19)s, %(oids_20)s, %(oids_21)s, %(oids_22)s, %(oids_23)s)) AS idx LEFT OUTER JOIN pg_catalog.pg_attribute ON pg_catalog.pg_attribute.attnum = idx.attnum AND pg_catalog.pg_attribute.attrelid = idx.indrelid LEFT OUTER JOIN pg_catalog.pg_opclass ON pg_catalog.pg_opclass.oid = idx.att_opclass 
WHERE idx.indrelid IN (%(oids_1)s, %(oids_2)s, %(oids_3)s, %(oids_4)s, %(oids_5)s, %(oids_6)s, %(oids_7)s, %(oids_8)s, %(oids_9)s, %(oids_10)s, %(oids_11)s, %(oids_12)s, %(oids_13)s, %(oids_14)s, %(oids_15)s, %(oids_16)s, %(oids_17)s, %(oids_18)s, %(oids_19)s, %(oids_20)s, %(oids_21)s, %(oids_22)s, %(oids_23)s)) AS idx_attr GROUP BY idx_attr.indexrelid) AS idx_cols ON pg_catalog.pg_index.indexrelid = idx_cols.indexrelid LEFT OUTER JOIN pg_catalog.pg_constraint ON pg_catalog.pg_index.indrelid = pg_catalog.pg_constraint.conrelid AND pg_catalog.pg_index.indexrelid = pg_catalog.pg_constraint.conindid AND pg_catalog.pg_constraint.contype = ANY (ARRAY[%(param_1)s, %(param_2)s, %(param_3)s]) 
WHERE pg_catalog.pg_index.indrelid IN (%(oids_1)s, %(oids_2)s, %(oids_3)s, %(oids_4)s, %(oids_5)s, %(oids_6)s, %(oids_7)s, %(oids_8)s, %(oids_9)s, %(oids_10)s, %(oids_11)s, %(oids_12)s, %(oids_13)s, %(oids_14)s, %(oids_15)s, %(oids_16)s, %(oids_17)s, %(oids_18)s, %(oids_19)s, %(oids_20)s, %(oids_21)s, %(oids_22)s, %(oids_23)s) AND NOT pg_catalog.pg_index.indisprimary ORDER BY pg_catalog.pg_index.indrelid, pg_catalog.pg_class.relname
2025-11-17 11:59:24,835 | sqlalchemy.engine.Engine | INFO     | [generated in 0.00128s] {'attnum_1': 0, 'ord_1': 1, 'pg_get_indexdef_1': True, 'attnum_2': 0, 'generate_subscripts_1': 1, 'param_1': 'p', 'param_2': 'u', 'param_3': 'x', 'oids_1': 16487, 'oids_2': 16515, 'oids_3': 16523, 'oids_4': 16531, 'oids_5': 16474, 'oids_6': 16539, 'oids_7': 16555, 'oids_8': 16498, 'oids_9': 16576, 'oids_10': 16597, 'oids_11': 16615, 'oids_12': 16631, 'oids_13': 16648, 'oids_14': 16668, 'oids_15': 16686, 'oids_16': 16710, 'oids_17': 16733, 'oids_18': 16750, 'oids_19': 16766, 'oids_20': 16780, 'oids_21': 16799, 'oids_22': 16818, 'oids_23': 16837}
2025-11-17 11:59:24,855 | sqlalchemy.engine.Engine | INFO     | SELECT attr.conrelid, array_agg(CAST(attr.attname AS TEXT) ORDER BY attr.ord) AS cols, attr.conname, min(attr.description) AS description, min(attr.indnkeyatts) AS indnkeyatts, bool_and(attr.indnullsnotdistinct) AS indnullsnotdistinct 
FROM (SELECT con.conrelid AS conrelid, con.conname AS conname, con.description AS description, con.ord AS ord, con.indnkeyatts AS indnkeyatts, con.indnullsnotdistinct AS indnullsnotdistinct, pg_catalog.pg_attribute.attname AS attname 
FROM pg_catalog.pg_attribute JOIN (SELECT pg_catalog.pg_constraint.conrelid AS conrelid, pg_catalog.pg_constraint.conname AS conname, unnest(pg_catalog.pg_index.indkey) AS attnum, generate_subscripts(pg_catalog.pg_index.indkey, %(generate_subscripts_1)s) AS ord, pg_catalog.pg_index.indnkeyatts AS indnkeyatts, pg_catalog.pg_index.indnullsnotdistinct AS indnullsnotdistinct, pg_catalog.pg_description.description AS description 
FROM pg_catalog.pg_constraint JOIN pg_catalog.pg_index ON pg_catalog.pg_constraint.conindid = pg_catalog.pg_index.indexrelid LEFT OUTER JOIN pg_catalog.pg_description ON pg_catalog.pg_description.objoid = pg_catalog.pg_constraint.oid 
WHERE pg_catalog.pg_constraint.contype = %(contype)s AND pg_catalog.pg_constraint.conrelid IN (%(oids_1)s, %(oids_2)s, %(oids_3)s, %(oids_4)s, %(oids_5)s, %(oids_6)s, %(oids_7)s, %(oids_8)s, %(oids_9)s, %(oids_10)s, %(oids_11)s, %(oids_12)s, %(oids_13)s, %(oids_14)s, %(oids_15)s, %(oids_16)s, %(oids_17)s, %(oids_18)s, %(oids_19)s, %(oids_20)s, %(oids_21)s, %(oids_22)s, %(oids_23)s)) AS con ON pg_catalog.pg_attribute.attnum = con.attnum AND pg_catalog.pg_attribute.attrelid = con.conrelid 
WHERE con.conrelid IN (%(oids_1)s, %(oids_2)s, %(oids_3)s, %(oids_4)s, %(oids_5)s, %(oids_6)s, %(oids_7)s, %(oids_8)s, %(oids_9)s, %(oids_10)s, %(oids_11)s, %(oids_12)s, %(oids_13)s, %(oids_14)s, %(oids_15)s, %(oids_16)s, %(oids_17)s, %(oids_18)s, %(oids_19)s, %(oids_20)s, %(oids_21)s, %(oids_22)s, %(oids_23)s)) AS attr GROUP BY attr.conrelid, attr.conname ORDER BY attr.conrelid, attr.conname
2025-11-17 11:59:24,856 | sqlalchemy.engine.Engine | INFO     | [cached since 0.06089s ago] {'generate_subscripts_1': 1, 'contype': 'u', 'oids_1': 16487, 'oids_2': 16515, 'oids_3': 16523, 'oids_4': 16531, 'oids_5': 16474, 'oids_6': 16539, 'oids_7': 16555, 'oids_8': 16498, 'oids_9': 16576, 'oids_10': 16597, 'oids_11': 16615, 'oids_12': 16631, 'oids_13': 16648, 'oids_14': 16668, 'oids_15': 16686, 'oids_16': 16710, 'oids_17': 16733, 'oids_18': 16750, 'oids_19': 16766, 'oids_20': 16780, 'oids_21': 16799, 'oids_22': 16818, 'oids_23': 16837}
2025-11-17 11:59:24,866 | sqlalchemy.engine.Engine | INFO     | SELECT pg_catalog.pg_class.relname, pg_catalog.pg_description.description 
FROM pg_catalog.pg_class LEFT OUTER JOIN pg_catalog.pg_description ON pg_catalog.pg_class.oid = pg_catalog.pg_description.objoid AND pg_catalog.pg_description.objsubid = %(objsubid_1)s AND pg_catalog.pg_description.classoid = CAST(%(param_1)s AS REGCLASS) JOIN pg_catalog.pg_namespace ON pg_catalog.pg_namespace.oid = pg_catalog.pg_class.relnamespace 
WHERE pg_catalog.pg_class.relkind = ANY (ARRAY[%(param_2)s, %(param_3)s, %(param_4)s]) AND pg_catalog.pg_table_is_visible(pg_catalog.pg_class.oid) AND pg_catalog.pg_namespace.nspname != %(nspname_1)s AND pg_catalog.pg_class.relname IN (%(filter_names_1)s, %(filter_names_2)s, %(filter_names_3)s, %(filter_names_4)s, %(filter_names_5)s, %(filter_names_6)s, %(filter_names_7)s, %(filter_names_8)s, %(filter_names_9)s, %(filter_names_10)s, %(filter_names_11)s, %(filter_names_12)s, %(filter_names_13)s, %(filter_names_14)s, %(filter_names_15)s, %(filter_names_16)s, %(filter_names_17)s, %(filter_names_18)s, %(filter_names_19)s, %(filter_names_20)s, %(filter_names_21)s, %(filter_names_22)s, %(filter_names_23)s)
2025-11-17 11:59:24,868 | sqlalchemy.engine.Engine | INFO     | [generated in 0.00264s] {'objsubid_1': 0, 'param_1': 'pg_catalog.pg_class', 'param_2': 'r', 'param_3': 'p', 'param_4': 'f', 'nspname_1': 'pg_catalog', 'filter_names_1': 'role_permissions', 'filter_names_2': 'me_normal_status', 'filter_names_3': 'me_warning_alert', 'filter_names_4': 'me_critical_alert', 'filter_names_5': 'organizations', 'filter_names_6': 'users', 'filter_names_7': 'vessel_info', 'filter_names_8': 'shop_trial_session', 'filter_names_9': 'monthly_report_header', 'filter_names_10': 'baseline_performance_data', 'filter_names_11': 'vessel_generator', 'filter_names_12': 'generator_baseline_data', 'filter_names_13': 'shop_trial_performance_data', 'filter_names_14': 'monthly_report_details_jsonb', 'filter_names_15': 'monthly_iso_performance_data', 'filter_names_16': 'me_alert_summary', 'filter_names_17': 'generator_monthly_report_header', 'filter_names_18': 'generator_monthly_report_details_jsonb', 'filter_names_19': 'generator_performance_graph_data', 'filter_names_20': 'ae_normal_status', 'filter_names_21': 'ae_warning_alert', 'filter_names_22': 'ae_critical_alert', 'filter_names_23': 'ae_alert_summary'}
2025-11-17 11:59:24,878 | sqlalchemy.engine.Engine | INFO     | SELECT pg_catalog.pg_class.relname, pg_catalog.pg_constraint.conname, CASE WHEN (pg_catalog.pg_constraint.oid IS NOT NULL) THEN pg_catalog.pg_get_constraintdef(pg_catalog.pg_constraint.oid, %(pg_get_constraintdef_1)s) END AS anon_1, pg_catalog.pg_description.description 
FROM pg_catalog.pg_class LEFT OUTER JOIN pg_catalog.pg_constraint ON pg_catalog.pg_class.oid = pg_catalog.pg_constraint.conrelid AND pg_catalog.pg_constraint.contype = %(contype_1)s LEFT OUTER JOIN pg_catalog.pg_description ON pg_catalog.pg_description.objoid = pg_catalog.pg_constraint.oid JOIN pg_catalog.pg_namespace ON pg_catalog.pg_namespace.oid = pg_catalog.pg_class.relnamespace 
WHERE pg_catalog.pg_class.relkind = ANY (ARRAY[%(param_1)s, %(param_2)s, %(param_3)s]) AND pg_catalog.pg_table_is_visible(pg_catalog.pg_class.oid) AND pg_catalog.pg_namespace.nspname != %(nspname_1)s AND pg_catalog.pg_class.relname IN (%(filter_names_1)s, %(filter_names_2)s, %(filter_names_3)s, %(filter_names_4)s, %(filter_names_5)s, %(filter_names_6)s, %(filter_names_7)s, %(filter_names_8)s, %(filter_names_9)s, %(filter_names_10)s, %(filter_names_11)s, %(filter_names_12)s, %(filter_names_13)s, %(filter_names_14)s, %(filter_names_15)s, %(filter_names_16)s, %(filter_names_17)s, %(filter_names_18)s, %(filter_names_19)s, %(filter_names_20)s, %(filter_names_21)s, %(filter_names_22)s, %(filter_names_23)s) ORDER BY pg_catalog.pg_class.relname, pg_catalog.pg_constraint.conname
2025-11-17 11:59:24,879 | sqlalchemy.engine.Engine | INFO     | [generated in 0.00145s] {'pg_get_constraintdef_1': True, 'contype_1': 'c', 'param_1': 'r', 'param_2': 'p', 'param_3': 'f', 'nspname_1': 'pg_catalog', 'filter_names_1': 'role_permissions', 'filter_names_2': 'me_normal_status', 'filter_names_3': 'me_warning_alert', 'filter_names_4': 'me_critical_alert', 'filter_names_5': 'organizations', 'filter_names_6': 'users', 'filter_names_7': 'vessel_info', 'filter_names_8': 'shop_trial_session', 'filter_names_9': 'monthly_report_header', 'filter_names_10': 'baseline_performance_data', 'filter_names_11': 'vessel_generator', 'filter_names_12': 'generator_baseline_data', 'filter_names_13': 'shop_trial_performance_data', 'filter_names_14': 'monthly_report_details_jsonb', 'filter_names_15': 'monthly_iso_performance_data', 'filter_names_16': 'me_alert_summary', 'filter_names_17': 'generator_monthly_report_header', 'filter_names_18': 'generator_monthly_report_details_jsonb', 'filter_names_19': 'generator_performance_graph_data', 'filter_names_20': 'ae_normal_status', 'filter_names_21': 'ae_warning_alert', 'filter_names_22': 'ae_critical_alert', 'filter_names_23': 'ae_alert_summary'}
2025-11-17 11:59:24,880 | sqlalchemy.engine.Engine | INFO     | SELECT pg_catalog.pg_class.relname 
FROM pg_catalog.pg_class JOIN pg_catalog.pg_namespace ON pg_catalog.pg_namespace.oid = pg_catalog.pg_class.relnamespace 
WHERE pg_catalog.pg_class.relkind = ANY (ARRAY[%(param_1)s, %(param_2)s]) AND pg_catalog.pg_class.relpersistence = %(relpersistence_1)s AND pg_catalog.pg_table_is_visible(pg_catalog.pg_class.oid) AND pg_catalog.pg_namespace.nspname != %(nspname_1)s
2025-11-17 11:59:24,880 | sqlalchemy.engine.Engine | INFO     | [generated in 0.00089s] {'param_1': 'r', 'param_2': 'p', 'relpersistence_1': 't', 'nspname_1': 'pg_catalog'}
2025-11-17 11:59:24,917 | sqlalchemy.engine.Engine | INFO     | ROLLBACK
2025-11-17 11:59:24,925 | sqlalchemy.engine.Engine | INFO     | BEGIN (implicit)
2025-11-17 11:59:24,925 | sqlalchemy.engine.Engine | INFO     | SELECT COUNT(*) FROM role_permissions
2025-11-17 11:59:24,925 | sqlalchemy.engine.Engine | INFO     | [generated in 0.00047s] {}
2025-11-17 11:59:24,925 | sqlalchemy.engine.Engine | INFO     | SELECT COUNT(*) FROM me_normal_status
2025-11-17 11:59:24,925 | sqlalchemy.engine.Engine | INFO     | [generated in 0.00038s] {}
2025-11-17 11:59:24,932 | sqlalchemy.engine.Engine | INFO     | SELECT COUNT(*) FROM me_warning_alert
2025-11-17 11:59:24,932 | sqlalchemy.engine.Engine | INFO     | [generated in 0.00075s] {}
2025-11-17 11:59:24,938 | sqlalchemy.engine.Engine | INFO     | SELECT COUNT(*) FROM me_critical_alert
2025-11-17 11:59:24,938 | sqlalchemy.engine.Engine | INFO     | [generated in 0.00113s] {}
2025-11-17 11:59:24,943 | sqlalchemy.engine.Engine | INFO     | SELECT COUNT(*) FROM organizations
2025-11-17 11:59:24,946 | sqlalchemy.engine.Engine | INFO     | [generated in 0.00107s] {}
2025-11-17 11:59:24,946 | sqlalchemy.engine.Engine | INFO     | SELECT COUNT(*) FROM users
2025-11-17 11:59:24,950 | sqlalchemy.engine.Engine | INFO     | [generated in 0.00173s] {}
2025-11-17 11:59:24,953 | sqlalchemy.engine.Engine | INFO     | SELECT COUNT(*) FROM vessel_info
2025-11-17 11:59:24,959 | sqlalchemy.engine.Engine | INFO     | [generated in 0.00165s] {}
2025-11-17 11:59:24,968 | sqlalchemy.engine.Engine | INFO     | SELECT COUNT(*) FROM shop_trial_session
2025-11-17 11:59:24,973 | sqlalchemy.engine.Engine | INFO     | [generated in 0.00139s] {}
2025-11-17 11:59:24,987 | sqlalchemy.engine.Engine | INFO     | SELECT COUNT(*) FROM monthly_report_header
2025-11-17 11:59:24,988 | sqlalchemy.engine.Engine | INFO     | [generated in 0.00168s] {}
2025-11-17 11:59:25,001 | sqlalchemy.engine.Engine | INFO     | SELECT COUNT(*) FROM baseline_performance_data
2025-11-17 11:59:25,003 | sqlalchemy.engine.Engine | INFO     | [generated in 0.00157s] {}
2025-11-17 11:59:25,008 | sqlalchemy.engine.Engine | INFO     | SELECT COUNT(*) FROM vessel_generator
2025-11-17 11:59:25,015 | sqlalchemy.engine.Engine | INFO     | [generated in 0.00223s] {}
2025-11-17 11:59:25,027 | sqlalchemy.engine.Engine | INFO     | SELECT COUNT(*) FROM generator_baseline_data
2025-11-17 11:59:25,028 | sqlalchemy.engine.Engine | INFO     | [generated in 0.00150s] {}
2025-11-17 11:59:25,038 | sqlalchemy.engine.Engine | INFO     | SELECT COUNT(*) FROM shop_trial_performance_data
2025-11-17 11:59:25,038 | sqlalchemy.engine.Engine | INFO     | [generated in 0.00155s] {}
2025-11-17 11:59:25,050 | sqlalchemy.engine.Engine | INFO     | SELECT COUNT(*) FROM monthly_report_details_jsonb
2025-11-17 11:59:25,050 | sqlalchemy.engine.Engine | INFO     | [generated in 0.00098s] {}
2025-11-17 11:59:25,064 | sqlalchemy.engine.Engine | INFO     | SELECT COUNT(*) FROM monthly_iso_performance_data
2025-11-17 11:59:25,064 | sqlalchemy.engine.Engine | INFO     | [generated in 0.00150s] {}
2025-11-17 11:59:25,080 | sqlalchemy.engine.Engine | INFO     | SELECT COUNT(*) FROM me_alert_summary
2025-11-17 11:59:25,080 | sqlalchemy.engine.Engine | INFO     | [generated in 0.00092s] {}
2025-11-17 11:59:25,093 | sqlalchemy.engine.Engine | INFO     | SELECT COUNT(*) FROM generator_monthly_report_header
2025-11-17 11:59:25,093 | sqlalchemy.engine.Engine | INFO     | [generated in 0.00107s] {}
2025-11-17 11:59:25,105 | sqlalchemy.engine.Engine | INFO     | SELECT COUNT(*) FROM generator_monthly_report_details_jsonb
2025-11-17 11:59:25,105 | sqlalchemy.engine.Engine | INFO     | [generated in 0.00118s] {}
2025-11-17 11:59:25,108 | sqlalchemy.engine.Engine | INFO     | SELECT COUNT(*) FROM generator_performance_graph_data
2025-11-17 11:59:25,108 | sqlalchemy.engine.Engine | INFO     | [generated in 0.00090s] {}
2025-11-17 11:59:25,117 | sqlalchemy.engine.Engine | INFO     | SELECT COUNT(*) FROM ae_normal_status
2025-11-17 11:59:25,117 | sqlalchemy.engine.Engine | INFO     | [generated in 0.00120s] {}
2025-11-17 11:59:25,129 | sqlalchemy.engine.Engine | INFO     | SELECT COUNT(*) FROM ae_warning_alert
2025-11-17 11:59:25,130 | sqlalchemy.engine.Engine | INFO     | [generated in 0.00169s] {}
2025-11-17 11:59:25,137 | sqlalchemy.engine.Engine | INFO     | SELECT COUNT(*) FROM ae_critical_alert
2025-11-17 11:59:25,137 | sqlalchemy.engine.Engine | INFO     | [generated in 0.00110s] {}
2025-11-17 11:59:25,142 | sqlalchemy.engine.Engine | INFO     | SELECT COUNT(*) FROM ae_alert_summary
2025-11-17 11:59:25,142 | sqlalchemy.engine.Engine | INFO     | [generated in 0.00119s] {}
2025-11-17 11:59:25,152 | sqlalchemy.engine.Engine | INFO     | ROLLBACK
2025-11-17 11:59:25,159 | app.database         | INFO     | 📊 Current table row counts:
2025-11-17 11:59:25,159 | app.database         | INFO     |   role_permissions: 4 rows
2025-11-17 11:59:25,159 | app.database         | INFO     |   me_normal_status: 0 rows
2025-11-17 11:59:25,159 | app.database         | INFO     |   me_warning_alert: 0 rows
2025-11-17 11:59:25,159 | app.database         | INFO     |   me_critical_alert: 0 rows
2025-11-17 11:59:25,159 | app.database         | INFO     |   organizations: 2 rows
2025-11-17 11:59:25,159 | app.database         | INFO     |   users: 1 rows
2025-11-17 11:59:25,159 | app.database         | INFO     |   vessel_info: 8 rows
2025-11-17 11:59:25,159 | app.database         | INFO     |   shop_trial_session: 8 rows
2025-11-17 11:59:25,159 | app.database         | INFO     |   monthly_report_header: 0 rows
2025-11-17 11:59:25,165 | app.database         | INFO     |   baseline_performance_data: 0 rows
2025-11-17 11:59:25,165 | app.database         | INFO     |   vessel_generator: 0 rows
2025-11-17 11:59:25,165 | app.database         | INFO     |   generator_baseline_data: 0 rows
2025-11-17 11:59:25,165 | app.database         | INFO     |   shop_trial_performance_data: 54 rows
2025-11-17 11:59:25,167 | app.database         | INFO     |   monthly_report_details_jsonb: 0 rows
2025-11-17 11:59:25,167 | app.database         | INFO     |   monthly_iso_performance_data: 0 rows
2025-11-17 11:59:25,167 | app.database         | INFO     |   me_alert_summary: 0 rows
2025-11-17 11:59:25,167 | app.database         | INFO     |   generator_monthly_report_header: 0 rows
2025-11-17 11:59:25,167 | app.database         | INFO     |   generator_monthly_report_details_jsonb: 0 rows
2025-11-17 11:59:25,167 | app.database         | INFO     |   generator_performance_graph_data: 0 rows
2025-11-17 11:59:25,167 | app.database         | INFO     |   ae_normal_status: 0 rows
2025-11-17 11:59:25,167 | app.database         | INFO     |   ae_warning_alert: 0 rows
2025-11-17 11:59:25,167 | app.database         | INFO     |   ae_critical_alert: 0 rows
2025-11-17 11:59:25,167 | app.database         | INFO     |   ae_alert_summary: 0 rows
2025-11-17 11:59:25,174 | __main__             | ERROR    | No data was successfully loaded
