2026-04-10 09:31:06,901 | __main__             | INFO     | Logging initialized. Log file: logs\ship_performance_20260410_093106.log
2026-04-10 09:31:06,902 | __main__             | INFO     | Processing Main Engine Excel file: C:\Users\GOKUL\Desktop\WORKPLACE\workplace\Aepms-backend\data\Engine_Performance_Data.xlsx
2026-04-10 09:31:06,903 | __main__             | INFO     | Processing Auxiliary Engine Excel file: C:\Users\GOKUL\Desktop\WORKPLACE\workplace\Aepms-backend\data\ae_shop_trial.xlsx
2026-04-10 09:31:06,906 | __main__             | INFO     | Configuration:
2026-04-10 09:31:06,906 | __main__             | INFO     |   Database: postgresql+asyncpg://gokul:****@localhost:5432/workplace_engine
2026-04-10 09:31:06,907 | __main__             | INFO     |   Log Level: INFO
2026-04-10 09:31:06,907 | __main__             | INFO     |   Data Directory: data
2026-04-10 09:31:06,907 | __main__             | INFO     | Validating Main Engine Excel file...
2026-04-10 09:31:06,909 | __main__             | INFO     | Excel file validated: C:\Users\GOKUL\Desktop\WORKPLACE\workplace\Aepms-backend\data\Engine_Performance_Data.xlsx (41,475 bytes)
2026-04-10 09:31:06,909 | __main__             | INFO     | Validating Auxiliary Engine Excel file...
2026-04-10 09:31:06,910 | __main__             | INFO     | Excel file validated: C:\Users\GOKUL\Desktop\WORKPLACE\workplace\Aepms-backend\data\ae_shop_trial.xlsx (20,997 bytes)
2026-04-10 09:31:06,911 | __main__             | INFO     | Initializing database connection...
2026-04-10 09:31:07,515 | app.database         | INFO     | ✅ Database connection successful!
2026-04-10 09:31:07,516 | app.database         | INFO     | PostgreSQL version: PostgreSQL 17.6 on x86_64-windows, compiled by msvc-19.44.35217, 64-bit
2026-04-10 09:31:07,516 | app.database         | INFO     | Database: workplace_engine
2026-04-10 09:31:07,516 | app.database         | INFO     | User: gokul
2026-04-10 09:31:07,585 | app.database         | INFO     | ✅ All tables created successfully!
2026-04-10 09:31:07,621 | app.database         | INFO     | ✅ Migration applied: added column csr_power_kw to vessel_info
2026-04-10 09:31:07,626 | app.database         | INFO     | ✅ Comment added for csr_power_kw
2026-04-10 09:31:07,627 | app.database         | INFO     | ✅ Migration applied: added column barred_speed_rpm_start to vessel_info
2026-04-10 09:31:07,628 | app.database         | INFO     | ✅ Comment added for barred_speed_rpm_start
2026-04-10 09:31:07,629 | app.database         | INFO     | ✅ Migration applied: added column barred_speed_rpm_end to vessel_info
2026-04-10 09:31:07,631 | app.database         | INFO     | ✅ Comment added for barred_speed_rpm_end
2026-04-10 09:31:07,635 | app.database         | INFO     | ✅ Migration applied: widened barometric_pressure_mmh2o to numeric(8,3)
2026-04-10 09:31:07,638 | app.database         | INFO     | ✅ Migration applied: added fo_consumption_mt_hr to monthly_report_header
2026-04-10 09:31:07,639 | app.database         | INFO     | ✅ Migration applied: added fuel_injection_pump_index_mm to monthly_report_header
2026-04-10 09:31:07,641 | app.database         | INFO     | ✅ Migration applied: added exh_temp_cylinder_outlet_ave_c to monthly_report_header
2026-04-10 09:31:07,642 | app.database         | INFO     | ✅ Migration applied: vessel_info.vessel_id set to NULLABLE
2026-04-10 09:31:07,644 | app.database         | INFO     | ✅ Migration applied: added permissions column to users
2026-04-10 09:31:07,645 | app.database         | INFO     | ✅ Migration applied: added password_hash column to users
2026-04-10 09:31:07,647 | app.database         | INFO     | ✅ Migration applied: added created_by column to users
2026-04-10 09:31:07,895 | app.database         | INFO     | 📊 Current table row counts:
2026-04-10 09:31:07,895 | app.database         | INFO     |   role_permissions: 3 rows
2026-04-10 09:31:07,895 | app.database         | INFO     |   me_normal_status: 121 rows
2026-04-10 09:31:07,895 | app.database         | INFO     |   me_warning_alert: 41 rows
2026-04-10 09:31:07,896 | app.database         | INFO     |   me_critical_alert: 20 rows
2026-04-10 09:31:07,896 | app.database         | INFO     |   organizations: 2 rows
2026-04-10 09:31:07,896 | app.database         | INFO     |   users: 0 rows
2026-04-10 09:31:07,897 | app.database         | INFO     |   vessel_info: 8 rows
2026-04-10 09:31:07,897 | app.database         | INFO     |   shop_trial_session: 8 rows
2026-04-10 09:31:07,897 | app.database         | INFO     |   monthly_report_header: 14 rows
2026-04-10 09:31:07,897 | app.database         | INFO     |   baseline_performance_data: 0 rows
2026-04-10 09:31:07,897 | app.database         | INFO     |   vessel_generator: 24 rows
2026-04-10 09:31:07,898 | app.database         | INFO     |   shop_trial_performance_data: 53 rows
2026-04-10 09:31:07,898 | app.database         | INFO     |   monthly_report_details_jsonb: 14 rows
2026-04-10 09:31:07,898 | app.database         | INFO     |   monthly_iso_performance_data: 14 rows
2026-04-10 09:31:07,898 | app.database         | INFO     |   me_alert_summary: 14 rows
2026-04-10 09:31:07,898 | app.database         | INFO     |   me_deviation_history: 14 rows
2026-04-10 09:31:07,898 | app.database         | INFO     |   generator_baseline_data: 120 rows
2026-04-10 09:31:07,898 | app.database         | INFO     |   generator_reference_curves: 0 rows
2026-04-10 09:31:07,898 | app.database         | INFO     |   generator_monthly_report_header: 1 rows
2026-04-10 09:31:07,899 | app.database         | INFO     |   generator_monthly_report_details_jsonb: 1 rows
2026-04-10 09:31:07,899 | app.database         | INFO     |   generator_performance_graph_data: 1 rows
2026-04-10 09:31:07,899 | app.database         | INFO     |   ae_normal_status: 3 rows
2026-04-10 09:31:07,899 | app.database         | INFO     |   ae_warning_alert: 1 rows
2026-04-10 09:31:07,899 | app.database         | INFO     |   ae_critical_alert: 2 rows
2026-04-10 09:31:07,899 | app.database         | INFO     |   ae_alert_summary: 1 rows
2026-04-10 09:31:07,899 | app.database         | INFO     |   ae_deviation_history: 1 rows
2026-04-10 09:31:07,900 | __main__             | INFO     | Extracting Main Engine data from Excel file...
2026-04-10 09:31:08,805 | app.excel_loader     | INFO     | Loaded Excel file with 5 sheets: ['vessel_info', 'shop_trial_session', 'shop_trial_performance_data', 'monthly_report_header', 'monthly_report_details_jsonb']
2026-04-10 09:31:08,806 | app.excel_loader     | INFO     | Processing sheet: vessel_info
2026-04-10 09:31:08,831 | app.excel_loader     | INFO     | Processing sheet: shop_trial_session
2026-04-10 09:31:08,845 | app.excel_loader     | INFO     | Processing sheet: shop_trial_performance_data
2026-04-10 09:31:08,886 | app.excel_loader     | INFO     | Processing sheet: monthly_report_header
2026-04-10 09:31:08,891 | app.excel_loader     | INFO     | Processing sheet: monthly_report_details_jsonb
2026-04-10 09:31:08,894 | app.excel_loader     | INFO     | Extraction summary: {'vessels': 8, 'sessions': 8, 'performance_data': 53, 'crank_deflections': 0, 'bearing_temperatures': 0, 'monthly_headers': 0, 'monthly_details': 0}
2026-04-10 09:31:08,894 | __main__             | INFO     | Main Engine data extraction summary:
2026-04-10 09:31:08,894 | __main__             | INFO     |   vessels: 8 records
2026-04-10 09:31:08,895 | __main__             | INFO     |   sessions: 8 records
2026-04-10 09:31:08,895 | __main__             | INFO     |   performance_data: 53 records
2026-04-10 09:31:08,895 | __main__             | INFO     |   crank_deflections: 0 records
2026-04-10 09:31:08,895 | __main__             | INFO     |   bearing_temperatures: 0 records
2026-04-10 09:31:08,896 | __main__             | INFO     |   monthly_headers: 0 records
2026-04-10 09:31:08,896 | __main__             | INFO     |   monthly_details: 0 records
2026-04-10 09:31:08,896 | __main__             | INFO     | Extracting Auxiliary Engine data from Excel file...
2026-04-10 09:31:08,916 | app.ae_excel_loader  | INFO     | Loaded AE Excel file: C:\Users\GOKUL\Desktop\WORKPLACE\workplace\Aepms-backend\data\ae_shop_trial.xlsx
2026-04-10 09:31:08,944 | app.ae_excel_loader  | INFO     | AE extraction: 24 generators, 120 baseline records
2026-04-10 09:31:08,945 | __main__             | INFO     | Auxiliary Engine data extraction summary:
2026-04-10 09:31:08,946 | __main__             | INFO     |   vessel_generators: 24 records
2026-04-10 09:31:08,946 | __main__             | INFO     |   generator_baseline_data: 120 records
2026-04-10 09:31:08,947 | __main__             | INFO     | Loading Main Engine data into PostgreSQL database...
2026-04-10 09:31:08,947 | app.data_loader      | INFO     | Starting optimized data loading process...
2026-04-10 09:31:08,947 | app.data_loader      | INFO     | Pre-loading existing data for efficient processing...
2026-04-10 09:31:09,063 | app.data_loader      | INFO     | Pre-loaded: 8 vessels, 8 sessions, 14 monthly headers
2026-04-10 09:31:09,064 | app.data_loader      | INFO     | Loading 8 vessels...
2026-04-10 09:31:09,082 | app.data_loader      | INFO     | Vessel loading completed: 0 inserted, 8 updated
2026-04-10 09:31:09,083 | app.data_loader      | INFO     | Loading 8 sessions...
2026-04-10 09:31:09,088 | app.data_loader      | INFO     | Session loading completed: 0 inserted, 8 updated
2026-04-10 09:31:09,089 | app.data_loader      | INFO     | Loading 53 performance records...
2026-04-10 09:31:09,180 | app.data_loader      | INFO     | Performance data loading completed: 0 inserted, 53 updated
2026-04-10 09:31:09,181 | app.data_loader      | INFO     | Optimized data loading completed successfully
2026-04-10 09:31:09,181 | __main__             | INFO     | Loading Auxiliary Engine data into PostgreSQL database...
2026-04-10 09:31:09,182 | app.ae_data_loader   | INFO     | Starting AE data loading...
2026-04-10 09:31:09,202 | app.ae_data_loader   | INFO     | Preloaded: 8 vessels, 24 generators, 120 baseline records
2026-04-10 09:31:09,202 | app.ae_data_loader   | INFO     | Loading 24 generators...
2026-04-10 09:31:09,205 | app.ae_data_loader   | INFO     | Generators loaded: 0 inserted, 24 updated
2026-04-10 09:31:09,207 | app.ae_data_loader   | INFO     | Loading 120 baseline records...
2026-04-10 09:31:09,217 | app.ae_data_loader   | INFO     | Baseline loaded: 0 inserted, 120 updated
2026-04-10 09:31:09,217 | app.ae_data_loader   | INFO     | AE data loading completed
2026-04-10 09:31:09,221 | __main__             | INFO     | Data loading pipeline completed successfully! Processed 213 records
2026-04-10 09:31:09,226 | sqlalchemy.pool.impl.AsyncAdaptedQueuePool | ERROR    | Exception terminating connection <AdaptedConnection <asyncpg.connection.Connection object at 0x000001D61FF8B2E0>>
Traceback (most recent call last):
  File "C:\Users\GOKUL\Desktop\WORKPLACE\workplace\Aepms-backend\venv\lib\site-packages\sqlalchemy\pool\base.py", line 372, in _close_connection
    self._dialect.do_terminate(connection)
  File "C:\Users\GOKUL\Desktop\WORKPLACE\workplace\Aepms-backend\venv\lib\site-packages\sqlalchemy\dialects\postgresql\asyncpg.py", line 1136, in do_terminate
    dbapi_connection.terminate()
  File "C:\Users\GOKUL\Desktop\WORKPLACE\workplace\Aepms-backend\venv\lib\site-packages\sqlalchemy\dialects\postgresql\asyncpg.py", line 907, in terminate
    self.await_(asyncio.shield(self._connection.close(timeout=2)))
  File "C:\Users\GOKUL\Desktop\WORKPLACE\workplace\Aepms-backend\venv\lib\site-packages\sqlalchemy\util\_concurrency_py3k.py", line 132, in await_only
    return current.parent.switch(awaitable)  # type: ignore[no-any-return,attr-defined] # noqa: E501
  File "C:\Users\GOKUL\Desktop\WORKPLACE\workplace\Aepms-backend\venv\lib\site-packages\sqlalchemy\util\_concurrency_py3k.py", line 196, in greenlet_spawn
    value = await result
  File "C:\Users\GOKUL\Desktop\WORKPLACE\workplace\Aepms-backend\venv\lib\site-packages\asyncpg\connection.py", line 1513, in close
    await self._protocol.close(timeout)
  File "asyncpg/protocol/protocol.pyx", line 617, in close
  File "asyncpg/protocol/protocol.pyx", line 650, in asyncpg.protocol.protocol.BaseProtocol._request_cancel
  File "C:\Users\GOKUL\Desktop\WORKPLACE\workplace\Aepms-backend\venv\lib\site-packages\asyncpg\connection.py", line 1682, in _cancel_current_command
    self._cancellations.add(self._loop.create_task(self._cancel(waiter)))
  File "C:\Users\GOKUL\AppData\Local\Programs\Python\Python310\lib\asyncio\base_events.py", line 436, in create_task
    self._check_closed()
  File "C:\Users\GOKUL\AppData\Local\Programs\Python\Python310\lib\asyncio\base_events.py", line 515, in _check_closed
    raise RuntimeError('Event loop is closed')
RuntimeError: Event loop is closed
2026-04-10 09:31:09,282 | app.database         | ERROR    | Failed to get table info: 'NoneType' object has no attribute 'send'
